{"numFailedTestSuites":1,"numFailedTests":10,"numPassedTestSuites":0,"numPassedTests":0,"numPendingTestSuites":0,"numPendingTests":0,"numRuntimeErrorTestSuites":0,"numTodoTests":0,"numTotalTestSuites":1,"numTotalTests":10,"openHandles":[],"snapshot":{"added":0,"didUpdate":false,"failure":false,"filesAdded":0,"filesRemoved":0,"filesRemovedList":[],"filesUnmatched":0,"filesUpdated":0,"matched":0,"total":0,"unchecked":0,"uncheckedKeysByFile":[],"unmatched":0,"updated":0},"startTime":1778293228226,"success":false,"testResults":[{"assertionResults":[{"ancestorTitles":["SourceBadge"],"duration":802,"failureDetails":[{}],"failureMessages":["Error: Trying to detect host component names triggered the following error:\n\n/home/rendy/Projects/dhikr/node_modules/react-native/Libraries/NativeComponent/ViewConfigIgnore.js: 'identifier' expected in type parameter (38:2)\n  const T: {+[name: string]: true},\n  ^\n\n\u001b[0m \u001b[90m 36 |\u001b[39m \u001b[90m */\u001b[39m\n \u001b[90m 37 |\u001b[39m \u001b[36mexport\u001b[39m \u001b[36mfunction\u001b[39m \u001b[33mConditionallyIgnoredEventHandlers\u001b[39m\u001b[33m<\u001b[39m\n\u001b[31m\u001b[1m>\u001b[22m\u001b[39m\u001b[90m 38 |\u001b[39m   \u001b[36mconst\u001b[39m \u001b[33mT\u001b[39m\u001b[33m:\u001b[39m {\u001b[33m+\u001b[39m[name\u001b[33m:\u001b[39m string]\u001b[33m:\u001b[39m \u001b[36mtrue\u001b[39m}\u001b[33m,\u001b[39m\n \u001b[90m    |\u001b[39m   \u001b[31m\u001b[1m^\u001b[22m\u001b[39m\n \u001b[90m 39 |\u001b[39m \u001b[33m>\u001b[39m(value\u001b[33m:\u001b[39m \u001b[33mT\u001b[39m)\u001b[33m:\u001b[39m \u001b[33mT\u001b[39m \u001b[33m|\u001b[39m \u001b[36mvoid\u001b[39m {\n \u001b[90m 40 |\u001b[39m   \u001b[36mif\u001b[39m (\u001b[33mPlatform\u001b[39m\u001b[33m.\u001b[39m\u001b[33mOS\u001b[39m \u001b[33m===\u001b[39m \u001b[32m'ios'\u001b[39m) {\n \u001b[90m 41 |\u001b[39m     \u001b[36mreturn\u001b[39m value\u001b[33m;\u001b[39m\u001b[0m\n\nThere seems to be an issue with your configuration that prevents React Native Testing Library from working correctly.\nPlease check if you are using compatible versions of React Native and React Native Testing Library.\n    at detectHostComponentNames (/home/rendy/Projects/dhikr/node_modules/@testing-library/react-native/src/helpers/host-component-names.tsx:56:11)\n    at detectHostComponentNames (/home/rendy/Projects/dhikr/node_modules/@testing-library/react-native/src/helpers/host-component-names.tsx:27:30)\n    at renderInternal (/home/rendy/Projects/dhikr/node_modules/@testing-library/react-native/src/render.tsx:70:40)\n    at renderInternal (/home/rendy/Projects/dhikr/node_modules/@testing-library/react-native/src/render.tsx:44:10)\n    at renderBadge (/home/rendy/Projects/dhikr/__tests__/components/SourceBadge.test.tsx:71:16)\n    at Object.renderBadge (/home/rendy/Projects/dhikr/__tests__/components/SourceBadge.test.tsx:84:27)\n    at Promise.then.completed (/home/rendy/Projects/dhikr/node_modules/jest-circus/build/utils.js:298:28)\n    at new Promise (<anonymous>)\n    at callAsyncCircusFn (/home/rendy/Projects/dhikr/node_modules/jest-circus/build/utils.js:231:10)\n    at _callCircusTest (/home/rendy/Projects/dhikr/node_modules/jest-circus/build/run.js:316:40)\n    at _runTest (/home/rendy/Projects/dhikr/node_modules/jest-circus/build/run.js:252:3)\n    at _runTestsForDescribeBlock (/home/rendy/Projects/dhikr/node_modules/jest-circus/build/run.js:126:9)\n    at _runTestsForDescribeBlock (/home/rendy/Projects/dhikr/node_modules/jest-circus/build/run.js:121:9)\n    at run (/home/rendy/Projects/dhikr/node_modules/jest-circus/build/run.js:71:3)\n    at runAndTransformResultsToJestFormat (/home/rendy/Projects/dhikr/node_modules/jest-circus/build/legacy-code-todo-rewrite/jestAdapterInit.js:122:21)\n    at jestAdapter (/home/rendy/Projects/dhikr/node_modules/jest-circus/build/legacy-code-todo-rewrite/jestAdapter.js:79:19)\n    at runTestInternal (/home/rendy/Projects/dhikr/node_modules/jest-runner/build/runTest.js:367:16)\n    at runTest (/home/rendy/Projects/dhikr/node_modules/jest-runner/build/runTest.js:444:34)"],"fullName":"SourceBadge renders \"Sahih\" label for grade=\"sahih\"","invocations":1,"location":null,"numPassingAsserts":0,"retryReasons":[],"status":"failed","title":"renders \"Sahih\" label for grade=\"sahih\""},{"ancestorTitles":["SourceBadge"],"duration":17,"failureDetails":[{}],"failureMessages":["Error: Trying to detect host component names triggered the following error:\n\n/home/rendy/Projects/dhikr/node_modules/react-native/Libraries/NativeComponent/ViewConfigIgnore.js: 'identifier' expected in type parameter (38:2)\n  const T: {+[name: string]: true},\n  ^\n\n\u001b[0m \u001b[90m 36 |\u001b[39m \u001b[90m */\u001b[39m\n \u001b[90m 37 |\u001b[39m \u001b[36mexport\u001b[39m \u001b[36mfunction\u001b[39m \u001b[33mConditionallyIgnoredEventHandlers\u001b[39m\u001b[33m<\u001b[39m\n\u001b[31m\u001b[1m>\u001b[22m\u001b[39m\u001b[90m 38 |\u001b[39m   \u001b[36mconst\u001b[39m \u001b[33mT\u001b[39m\u001b[33m:\u001b[39m {\u001b[33m+\u001b[39m[name\u001b[33m:\u001b[39m string]\u001b[33m:\u001b[39m \u001b[36mtrue\u001b[39m}\u001b[33m,\u001b[39m\n \u001b[90m    |\u001b[39m   \u001b[31m\u001b[1m^\u001b[22m\u001b[39m\n \u001b[90m 39 |\u001b[39m \u001b[33m>\u001b[39m(value\u001b[33m:\u001b[39m \u001b[33mT\u001b[39m)\u001b[33m:\u001b[39m \u001b[33mT\u001b[39m \u001b[33m|\u001b[39m \u001b[36mvoid\u001b[39m {\n \u001b[90m 40 |\u001b[39m   \u001b[36mif\u001b[39m (\u001b[33mPlatform\u001b[39m\u001b[33m.\u001b[39m\u001b[33mOS\u001b[39m \u001b[33m===\u001b[39m \u001b[32m'ios'\u001b[39m) {\n \u001b[90m 41 |\u001b[39m     \u001b[36mreturn\u001b[39m value\u001b[33m;\u001b[39m\u001b[0m\n\nThere seems to be an issue with your configuration that prevents React Native Testing Library from working correctly.\nPlease check if you are using compatible versions of React Native and React Native Testing Library.\n    at detectHostComponentNames (/home/rendy/Projects/dhikr/node_modules/@testing-library/react-native/src/helpers/host-component-names.tsx:56:11)\n    at detectHostComponentNames (/home/rendy/Projects/dhikr/node_modules/@testing-library/react-native/src/helpers/host-component-names.tsx:27:30)\n    at renderInternal (/home/rendy/Projects/dhikr/node_modules/@testing-library/react-native/src/render.tsx:70:40)\n    at renderInternal (/home/rendy/Projects/dhikr/node_modules/@testing-library/react-native/src/render.tsx:44:10)\n    at renderBadge (/home/rendy/Projects/dhikr/__tests__/components/SourceBadge.test.tsx:71:16)\n    at Object.renderBadge (/home/rendy/Projects/dhikr/__tests__/components/SourceBadge.test.tsx:89:27)\n    at Promise.then.completed (/home/rendy/Projects/dhikr/node_modules/jest-circus/build/utils.js:298:28)\n    at new Promise (<anonymous>)\n    at callAsyncCircusFn (/home/rendy/Projects/dhikr/node_modules/jest-circus/build/utils.js:231:10)\n    at _callCircusTest (/home/rendy/Projects/dhikr/node_modules/jest-circus/build/run.js:316:40)\n    at _runTest (/home/rendy/Projects/dhikr/node_modules/jest-circus/build/run.js:252:3)\n    at _runTestsForDescribeBlock (/home/rendy/Projects/dhikr/node_modules/jest-circus/build/run.js:126:9)\n    at _runTestsForDescribeBlock (/home/rendy/Projects/dhikr/node_modules/jest-circus/build/run.js:121:9)\n    at run (/home/rendy/Projects/dhikr/node_modules/jest-circus/build/run.js:71:3)\n    at runAndTransformResultsToJestFormat (/home/rendy/Projects/dhikr/node_modules/jest-circus/build/legacy-code-todo-rewrite/jestAdapterInit.js:122:21)\n    at jestAdapter (/home/rendy/Projects/dhikr/node_modules/jest-circus/build/legacy-code-todo-rewrite/jestAdapter.js:79:19)\n    at runTestInternal (/home/rendy/Projects/dhikr/node_modules/jest-runner/build/runTest.js:367:16)\n    at runTest (/home/rendy/Projects/dhikr/node_modules/jest-runner/build/runTest.js:444:34)"],"fullName":"SourceBadge renders \"Hasan\" label for grade=\"hasan\"","invocations":1,"location":null,"numPassingAsserts":0,"retryReasons":[],"status":"failed","title":"renders \"Hasan\" label for grade=\"hasan\""},{"ancestorTitles":["SourceBadge"],"duration":18,"failureDetails":[{}],"failureMessages":["Error: Trying to detect host component names triggered the following error:\n\n/home/rendy/Projects/dhikr/node_modules/react-native/Libraries/NativeComponent/ViewConfigIgnore.js: 'identifier' expected in type parameter (38:2)\n  const T: {+[name: string]: true},\n  ^\n\n\u001b[0m \u001b[90m 36 |\u001b[39m \u001b[90m */\u001b[39m\n \u001b[90m 37 |\u001b[39m \u001b[36mexport\u001b[39m \u001b[36mfunction\u001b[39m \u001b[33mConditionallyIgnoredEventHandlers\u001b[39m\u001b[33m<\u001b[39m\n\u001b[31m\u001b[1m>\u001b[22m\u001b[39m\u001b[90m 38 |\u001b[39m   \u001b[36mconst\u001b[39m \u001b[33mT\u001b[39m\u001b[33m:\u001b[39m {\u001b[33m+\u001b[39m[name\u001b[33m:\u001b[39m string]\u001b[33m:\u001b[39m \u001b[36mtrue\u001b[39m}\u001b[33m,\u001b[39m\n \u001b[90m    |\u001b[39m   \u001b[31m\u001b[1m^\u001b[22m\u001b[39m\n \u001b[90m 39 |\u001b[39m \u001b[33m>\u001b[39m(value\u001b[33m:\u001b[39m \u001b[33mT\u001b[39m)\u001b[33m:\u001b[39m \u001b[33mT\u001b[39m \u001b[33m|\u001b[39m \u001b[36mvoid\u001b[39m {\n \u001b[90m 40 |\u001b[39m   \u001b[36mif\u001b[39m (\u001b[33mPlatform\u001b[39m\u001b[33m.\u001b[39m\u001b[33mOS\u001b[39m \u001b[33m===\u001b[39m \u001b[32m'ios'\u001b[39m) {\n \u001b[90m 41 |\u001b[39m     \u001b[36mreturn\u001b[39m value\u001b[33m;\u001b[39m\u001b[0m\n\nThere seems to be an issue with your configuration that prevents React Native Testing Library from working correctly.\nPlease check if you are using compatible versions of React Native and React Native Testing Library.\n    at detectHostComponentNames (/home/rendy/Projects/dhikr/node_modules/@testing-library/react-native/src/helpers/host-component-names.tsx:56:11)\n    at detectHostComponentNames (/home/rendy/Projects/dhikr/node_modules/@testing-library/react-native/src/helpers/host-component-names.tsx:27:30)\n    at renderInternal (/home/rendy/Projects/dhikr/node_modules/@testing-library/react-native/src/render.tsx:70:40)\n    at renderInternal (/home/rendy/Projects/dhikr/node_modules/@testing-library/react-native/src/render.tsx:44:10)\n    at renderBadge (/home/rendy/Projects/dhikr/__tests__/components/SourceBadge.test.tsx:71:16)\n    at Object.renderBadge (/home/rendy/Projects/dhikr/__tests__/components/SourceBadge.test.tsx:96:59)\n    at Promise.then.completed (/home/rendy/Projects/dhikr/node_modules/jest-circus/build/utils.js:298:28)\n    at new Promise (<anonymous>)\n    at callAsyncCircusFn (/home/rendy/Projects/dhikr/node_modules/jest-circus/build/utils.js:231:10)\n    at _callCircusTest (/home/rendy/Projects/dhikr/node_modules/jest-circus/build/run.js:316:40)\n    at _runTest (/home/rendy/Projects/dhikr/node_modules/jest-circus/build/run.js:252:3)\n    at _runTestsForDescribeBlock (/home/rendy/Projects/dhikr/node_modules/jest-circus/build/run.js:126:9)\n    at _runTestsForDescribeBlock (/home/rendy/Projects/dhikr/node_modules/jest-circus/build/run.js:121:9)\n    at run (/home/rendy/Projects/dhikr/node_modules/jest-circus/build/run.js:71:3)\n    at runAndTransformResultsToJestFormat (/home/rendy/Projects/dhikr/node_modules/jest-circus/build/legacy-code-todo-rewrite/jestAdapterInit.js:122:21)\n    at jestAdapter (/home/rendy/Projects/dhikr/node_modules/jest-circus/build/legacy-code-todo-rewrite/jestAdapter.js:79:19)\n    at runTestInternal (/home/rendy/Projects/dhikr/node_modules/jest-runner/build/runTest.js:367:16)\n    at runTest (/home/rendy/Projects/dhikr/node_modules/jest-runner/build/runTest.js:444:34)"],"fullName":"SourceBadge applies successSubtle background for grade=\"sahih\"","invocations":1,"location":null,"numPassingAsserts":0,"retryReasons":[],"status":"failed","title":"applies successSubtle background for grade=\"sahih\""},{"ancestorTitles":["SourceBadge"],"duration":9,"failureDetails":[{}],"failureMessages":["Error: Trying to detect host component names triggered the following error:\n\n/home/rendy/Projects/dhikr/node_modules/react-native/Libraries/NativeComponent/ViewConfigIgnore.js: 'identifier' expected in type parameter (38:2)\n  const T: {+[name: string]: true},\n  ^\n\n\u001b[0m \u001b[90m 36 |\u001b[39m \u001b[90m */\u001b[39m\n \u001b[90m 37 |\u001b[39m \u001b[36mexport\u001b[39m \u001b[36mfunction\u001b[39m \u001b[33mConditionallyIgnoredEventHandlers\u001b[39m\u001b[33m<\u001b[39m\n\u001b[31m\u001b[1m>\u001b[22m\u001b[39m\u001b[90m 38 |\u001b[39m   \u001b[36mconst\u001b[39m \u001b[33mT\u001b[39m\u001b[33m:\u001b[39m {\u001b[33m+\u001b[39m[name\u001b[33m:\u001b[39m string]\u001b[33m:\u001b[39m \u001b[36mtrue\u001b[39m}\u001b[33m,\u001b[39m\n \u001b[90m    |\u001b[39m   \u001b[31m\u001b[1m^\u001b[22m\u001b[39m\n \u001b[90m 39 |\u001b[39m \u001b[33m>\u001b[39m(value\u001b[33m:\u001b[39m \u001b[33mT\u001b[39m)\u001b[33m:\u001b[39m \u001b[33mT\u001b[39m \u001b[33m|\u001b[39m \u001b[36mvoid\u001b[39m {\n \u001b[90m 40 |\u001b[39m   \u001b[36mif\u001b[39m (\u001b[33mPlatform\u001b[39m\u001b[33m.\u001b[39m\u001b[33mOS\u001b[39m \u001b[33m===\u001b[39m \u001b[32m'ios'\u001b[39m) {\n \u001b[90m 41 |\u001b[39m     \u001b[36mreturn\u001b[39m value\u001b[33m;\u001b[39m\u001b[0m\n\nThere seems to be an issue with your configuration that prevents React Native Testing Library from working correctly.\nPlease check if you are using compatible versions of React Native and React Native Testing Library.\n    at detectHostComponentNames (/home/rendy/Projects/dhikr/node_modules/@testing-library/react-native/src/helpers/host-component-names.tsx:56:11)\n    at detectHostComponentNames (/home/rendy/Projects/dhikr/node_modules/@testing-library/react-native/src/helpers/host-component-names.tsx:27:30)\n    at renderInternal (/home/rendy/Projects/dhikr/node_modules/@testing-library/react-native/src/render.tsx:70:40)\n    at renderInternal (/home/rendy/Projects/dhikr/node_modules/@testing-library/react-native/src/render.tsx:44:10)\n    at renderBadge (/home/rendy/Projects/dhikr/__tests__/components/SourceBadge.test.tsx:71:16)\n    at Object.renderBadge (/home/rendy/Projects/dhikr/__tests__/components/SourceBadge.test.tsx:105:32)\n    at Promise.then.completed (/home/rendy/Projects/dhikr/node_modules/jest-circus/build/utils.js:298:28)\n    at new Promise (<anonymous>)\n    at callAsyncCircusFn (/home/rendy/Projects/dhikr/node_modules/jest-circus/build/utils.js:231:10)\n    at _callCircusTest (/home/rendy/Projects/dhikr/node_modules/jest-circus/build/run.js:316:40)\n    at _runTest (/home/rendy/Projects/dhikr/node_modules/jest-circus/build/run.js:252:3)\n    at _runTestsForDescribeBlock (/home/rendy/Projects/dhikr/node_modules/jest-circus/build/run.js:126:9)\n    at _runTestsForDescribeBlock (/home/rendy/Projects/dhikr/node_modules/jest-circus/build/run.js:121:9)\n    at run (/home/rendy/Projects/dhikr/node_modules/jest-circus/build/run.js:71:3)\n    at runAndTransformResultsToJestFormat (/home/rendy/Projects/dhikr/node_modules/jest-circus/build/legacy-code-todo-rewrite/jestAdapterInit.js:122:21)\n    at jestAdapter (/home/rendy/Projects/dhikr/node_modules/jest-circus/build/legacy-code-todo-rewrite/jestAdapter.js:79:19)\n    at runTestInternal (/home/rendy/Projects/dhikr/node_modules/jest-runner/build/runTest.js:367:16)\n    at runTest (/home/rendy/Projects/dhikr/node_modules/jest-runner/build/runTest.js:444:34)"],"fullName":"SourceBadge applies warningSubtle background for grade=\"hasan\"","invocations":1,"location":null,"numPassingAsserts":0,"retryReasons":[],"status":"failed","title":"applies warningSubtle background for grade=\"hasan\""},{"ancestorTitles":["SourceBadge"],"duration":9,"failureDetails":[{}],"failureMessages":["Error: Trying to detect host component names triggered the following error:\n\n/home/rendy/Projects/dhikr/node_modules/react-native/Libraries/NativeComponent/ViewConfigIgnore.js: 'identifier' expected in type parameter (38:2)\n  const T: {+[name: string]: true},\n  ^\n\n\u001b[0m \u001b[90m 36 |\u001b[39m \u001b[90m */\u001b[39m\n \u001b[90m 37 |\u001b[39m \u001b[36mexport\u001b[39m \u001b[36mfunction\u001b[39m \u001b[33mConditionallyIgnoredEventHandlers\u001b[39m\u001b[33m<\u001b[39m\n\u001b[31m\u001b[1m>\u001b[22m\u001b[39m\u001b[90m 38 |\u001b[39m   \u001b[36mconst\u001b[39m \u001b[33mT\u001b[39m\u001b[33m:\u001b[39m {\u001b[33m+\u001b[39m[name\u001b[33m:\u001b[39m string]\u001b[33m:\u001b[39m \u001b[36mtrue\u001b[39m}\u001b[33m,\u001b[39m\n \u001b[90m    |\u001b[39m   \u001b[31m\u001b[1m^\u001b[22m\u001b[39m\n \u001b[90m 39 |\u001b[39m \u001b[33m>\u001b[39m(value\u001b[33m:\u001b[39m \u001b[33mT\u001b[39m)\u001b[33m:\u001b[39m \u001b[33mT\u001b[39m \u001b[33m|\u001b[39m \u001b[36mvoid\u001b[39m {\n \u001b[90m 40 |\u001b[39m   \u001b[36mif\u001b[39m (\u001b[33mPlatform\u001b[39m\u001b[33m.\u001b[39m\u001b[33mOS\u001b[39m \u001b[33m===\u001b[39m \u001b[32m'ios'\u001b[39m) {\n \u001b[90m 41 |\u001b[39m     \u001b[36mreturn\u001b[39m value\u001b[33m;\u001b[39m\u001b[0m\n\nThere seems to be an issue with your configuration that prevents React Native Testing Library from working correctly.\nPlease check if you are using compatible versions of React Native and React Native Testing Library.\n    at detectHostComponentNames (/home/rendy/Projects/dhikr/node_modules/@testing-library/react-native/src/helpers/host-component-names.tsx:56:11)\n    at detectHostComponentNames (/home/rendy/Projects/dhikr/node_modules/@testing-library/react-native/src/helpers/host-component-names.tsx:27:30)\n    at renderInternal (/home/rendy/Projects/dhikr/node_modules/@testing-library/react-native/src/render.tsx:70:40)\n    at renderInternal (/home/rendy/Projects/dhikr/node_modules/@testing-library/react-native/src/render.tsx:44:10)\n    at renderBadge (/home/rendy/Projects/dhikr/__tests__/components/SourceBadge.test.tsx:71:16)\n    at Object.renderBadge (/home/rendy/Projects/dhikr/__tests__/components/SourceBadge.test.tsx:114:27)\n    at Promise.then.completed (/home/rendy/Projects/dhikr/node_modules/jest-circus/build/utils.js:298:28)\n    at new Promise (<anonymous>)\n    at callAsyncCircusFn (/home/rendy/Projects/dhikr/node_modules/jest-circus/build/utils.js:231:10)\n    at _callCircusTest (/home/rendy/Projects/dhikr/node_modules/jest-circus/build/run.js:316:40)\n    at _runTest (/home/rendy/Projects/dhikr/node_modules/jest-circus/build/run.js:252:3)\n    at _runTestsForDescribeBlock (/home/rendy/Projects/dhikr/node_modules/jest-circus/build/run.js:126:9)\n    at _runTestsForDescribeBlock (/home/rendy/Projects/dhikr/node_modules/jest-circus/build/run.js:121:9)\n    at run (/home/rendy/Projects/dhikr/node_modules/jest-circus/build/run.js:71:3)\n    at runAndTransformResultsToJestFormat (/home/rendy/Projects/dhikr/node_modules/jest-circus/build/legacy-code-todo-rewrite/jestAdapterInit.js:122:21)\n    at jestAdapter (/home/rendy/Projects/dhikr/node_modules/jest-circus/build/legacy-code-todo-rewrite/jestAdapter.js:79:19)\n    at runTestInternal (/home/rendy/Projects/dhikr/node_modules/jest-runner/build/runTest.js:367:16)\n    at runTest (/home/rendy/Projects/dhikr/node_modules/jest-runner/build/runTest.js:444:34)"],"fullName":"SourceBadge applies success text color for grade=\"sahih\"","invocations":1,"location":null,"numPassingAsserts":0,"retryReasons":[],"status":"failed","title":"applies success text color for grade=\"sahih\""},{"ancestorTitles":["SourceBadge"],"duration":8,"failureDetails":[{}],"failureMessages":["Error: Trying to detect host component names triggered the following error:\n\n/home/rendy/Projects/dhikr/node_modules/react-native/Libraries/NativeComponent/ViewConfigIgnore.js: 'identifier' expected in type parameter (38:2)\n  const T: {+[name: string]: true},\n  ^\n\n\u001b[0m \u001b[90m 36 |\u001b[39m \u001b[90m */\u001b[39m\n \u001b[90m 37 |\u001b[39m \u001b[36mexport\u001b[39m \u001b[36mfunction\u001b[39m \u001b[33mConditionallyIgnoredEventHandlers\u001b[39m\u001b[33m<\u001b[39m\n\u001b[31m\u001b[1m>\u001b[22m\u001b[39m\u001b[90m 38 |\u001b[39m   \u001b[36mconst\u001b[39m \u001b[33mT\u001b[39m\u001b[33m:\u001b[39m {\u001b[33m+\u001b[39m[name\u001b[33m:\u001b[39m string]\u001b[33m:\u001b[39m \u001b[36mtrue\u001b[39m}\u001b[33m,\u001b[39m\n \u001b[90m    |\u001b[39m   \u001b[31m\u001b[1m^\u001b[22m\u001b[39m\n \u001b[90m 39 |\u001b[39m \u001b[33m>\u001b[39m(value\u001b[33m:\u001b[39m \u001b[33mT\u001b[39m)\u001b[33m:\u001b[39m \u001b[33mT\u001b[39m \u001b[33m|\u001b[39m \u001b[36mvoid\u001b[39m {\n \u001b[90m 40 |\u001b[39m   \u001b[36mif\u001b[39m (\u001b[33mPlatform\u001b[39m\u001b[33m.\u001b[39m\u001b[33mOS\u001b[39m \u001b[33m===\u001b[39m \u001b[32m'ios'\u001b[39m) {\n \u001b[90m 41 |\u001b[39m     \u001b[36mreturn\u001b[39m value\u001b[33m;\u001b[39m\u001b[0m\n\nThere seems to be an issue with your configuration that prevents React Native Testing Library from working correctly.\nPlease check if you are using compatible versions of React Native and React Native Testing Library.\n    at detectHostComponentNames (/home/rendy/Projects/dhikr/node_modules/@testing-library/react-native/src/helpers/host-component-names.tsx:56:11)\n    at detectHostComponentNames (/home/rendy/Projects/dhikr/node_modules/@testing-library/react-native/src/helpers/host-component-names.tsx:27:30)\n    at renderInternal (/home/rendy/Projects/dhikr/node_modules/@testing-library/react-native/src/render.tsx:70:40)\n    at renderInternal (/home/rendy/Projects/dhikr/node_modules/@testing-library/react-native/src/render.tsx:44:10)\n    at renderBadge (/home/rendy/Projects/dhikr/__tests__/components/SourceBadge.test.tsx:71:16)\n    at Object.renderBadge (/home/rendy/Projects/dhikr/__tests__/components/SourceBadge.test.tsx:120:27)\n    at Promise.then.completed (/home/rendy/Projects/dhikr/node_modules/jest-circus/build/utils.js:298:28)\n    at new Promise (<anonymous>)\n    at callAsyncCircusFn (/home/rendy/Projects/dhikr/node_modules/jest-circus/build/utils.js:231:10)\n    at _callCircusTest (/home/rendy/Projects/dhikr/node_modules/jest-circus/build/run.js:316:40)\n    at _runTest (/home/rendy/Projects/dhikr/node_modules/jest-circus/build/run.js:252:3)\n    at _runTestsForDescribeBlock (/home/rendy/Projects/dhikr/node_modules/jest-circus/build/run.js:126:9)\n    at _runTestsForDescribeBlock (/home/rendy/Projects/dhikr/node_modules/jest-circus/build/run.js:121:9)\n    at run (/home/rendy/Projects/dhikr/node_modules/jest-circus/build/run.js:71:3)\n    at runAndTransformResultsToJestFormat (/home/rendy/Projects/dhikr/node_modules/jest-circus/build/legacy-code-todo-rewrite/jestAdapterInit.js:122:21)\n    at jestAdapter (/home/rendy/Projects/dhikr/node_modules/jest-circus/build/legacy-code-todo-rewrite/jestAdapter.js:79:19)\n    at runTestInternal (/home/rendy/Projects/dhikr/node_modules/jest-runner/build/runTest.js:367:16)\n    at runTest (/home/rendy/Projects/dhikr/node_modules/jest-runner/build/runTest.js:444:34)"],"fullName":"SourceBadge applies warning text color for grade=\"hasan\"","invocations":1,"location":null,"numPassingAsserts":0,"retryReasons":[],"status":"failed","title":"applies warning text color for grade=\"hasan\""},{"ancestorTitles":["SourceBadge"],"duration":8,"failureDetails":[{}],"failureMessages":["Error: Trying to detect host component names triggered the following error:\n\n/home/rendy/Projects/dhikr/node_modules/react-native/Libraries/NativeComponent/ViewConfigIgnore.js: 'identifier' expected in type parameter (38:2)\n  const T: {+[name: string]: true},\n  ^\n\n\u001b[0m \u001b[90m 36 |\u001b[39m \u001b[90m */\u001b[39m\n \u001b[90m 37 |\u001b[39m \u001b[36mexport\u001b[39m \u001b[36mfunction\u001b[39m \u001b[33mConditionallyIgnoredEventHandlers\u001b[39m\u001b[33m<\u001b[39m\n\u001b[31m\u001b[1m>\u001b[22m\u001b[39m\u001b[90m 38 |\u001b[39m   \u001b[36mconst\u001b[39m \u001b[33mT\u001b[39m\u001b[33m:\u001b[39m {\u001b[33m+\u001b[39m[name\u001b[33m:\u001b[39m string]\u001b[33m:\u001b[39m \u001b[36mtrue\u001b[39m}\u001b[33m,\u001b[39m\n \u001b[90m    |\u001b[39m   \u001b[31m\u001b[1m^\u001b[22m\u001b[39m\n \u001b[90m 39 |\u001b[39m \u001b[33m>\u001b[39m(value\u001b[33m:\u001b[39m \u001b[33mT\u001b[39m)\u001b[33m:\u001b[39m \u001b[33mT\u001b[39m \u001b[33m|\u001b[39m \u001b[36mvoid\u001b[39m {\n \u001b[90m 40 |\u001b[39m   \u001b[36mif\u001b[39m (\u001b[33mPlatform\u001b[39m\u001b[33m.\u001b[39m\u001b[33mOS\u001b[39m \u001b[33m===\u001b[39m \u001b[32m'ios'\u001b[39m) {\n \u001b[90m 41 |\u001b[39m     \u001b[36mreturn\u001b[39m value\u001b[33m;\u001b[39m\u001b[0m\n\nThere seems to be an issue with your configuration that prevents React Native Testing Library from working correctly.\nPlease check if you are using compatible versions of React Native and React Native Testing Library.\n    at detectHostComponentNames (/home/rendy/Projects/dhikr/node_modules/@testing-library/react-native/src/helpers/host-component-names.tsx:56:11)\n    at detectHostComponentNames (/home/rendy/Projects/dhikr/node_modules/@testing-library/react-native/src/helpers/host-component-names.tsx:27:30)\n    at renderInternal (/home/rendy/Projects/dhikr/node_modules/@testing-library/react-native/src/render.tsx:70:40)\n    at renderInternal (/home/rendy/Projects/dhikr/node_modules/@testing-library/react-native/src/render.tsx:44:10)\n    at renderBadge (/home/rendy/Projects/dhikr/__tests__/components/SourceBadge.test.tsx:71:16)\n    at Object.renderBadge (/home/rendy/Projects/dhikr/__tests__/components/SourceBadge.test.tsx:128:32)\n    at Promise.then.completed (/home/rendy/Projects/dhikr/node_modules/jest-circus/build/utils.js:298:28)\n    at new Promise (<anonymous>)\n    at callAsyncCircusFn (/home/rendy/Projects/dhikr/node_modules/jest-circus/build/utils.js:231:10)\n    at _callCircusTest (/home/rendy/Projects/dhikr/node_modules/jest-circus/build/run.js:316:40)\n    at _runTest (/home/rendy/Projects/dhikr/node_modules/jest-circus/build/run.js:252:3)\n    at _runTestsForDescribeBlock (/home/rendy/Projects/dhikr/node_modules/jest-circus/build/run.js:126:9)\n    at _runTestsForDescribeBlock (/home/rendy/Projects/dhikr/node_modules/jest-circus/build/run.js:121:9)\n    at run (/home/rendy/Projects/dhikr/node_modules/jest-circus/build/run.js:71:3)\n    at runAndTransformResultsToJestFormat (/home/rendy/Projects/dhikr/node_modules/jest-circus/build/legacy-code-todo-rewrite/jestAdapterInit.js:122:21)\n    at jestAdapter (/home/rendy/Projects/dhikr/node_modules/jest-circus/build/legacy-code-todo-rewrite/jestAdapter.js:79:19)\n    at runTestInternal (/home/rendy/Projects/dhikr/node_modules/jest-runner/build/runTest.js:367:16)\n    at runTest (/home/rendy/Projects/dhikr/node_modules/jest-runner/build/runTest.js:444:34)"],"fullName":"SourceBadge sets accessibilityRole to \"text\" on the pill for grade=\"sahih\"","invocations":1,"location":null,"numPassingAsserts":0,"retryReasons":[],"status":"failed","title":"sets accessibilityRole to \"text\" on the pill for grade=\"sahih\""},{"ancestorTitles":["SourceBadge"],"duration":7,"failureDetails":[{}],"failureMessages":["Error: Trying to detect host component names triggered the following error:\n\n/home/rendy/Projects/dhikr/node_modules/react-native/Libraries/NativeComponent/ViewConfigIgnore.js: 'identifier' expected in type parameter (38:2)\n  const T: {+[name: string]: true},\n  ^\n\n\u001b[0m \u001b[90m 36 |\u001b[39m \u001b[90m */\u001b[39m\n \u001b[90m 37 |\u001b[39m \u001b[36mexport\u001b[39m \u001b[36mfunction\u001b[39m \u001b[33mConditionallyIgnoredEventHandlers\u001b[39m\u001b[33m<\u001b[39m\n\u001b[31m\u001b[1m>\u001b[22m\u001b[39m\u001b[90m 38 |\u001b[39m   \u001b[36mconst\u001b[39m \u001b[33mT\u001b[39m\u001b[33m:\u001b[39m {\u001b[33m+\u001b[39m[name\u001b[33m:\u001b[39m string]\u001b[33m:\u001b[39m \u001b[36mtrue\u001b[39m}\u001b[33m,\u001b[39m\n \u001b[90m    |\u001b[39m   \u001b[31m\u001b[1m^\u001b[22m\u001b[39m\n \u001b[90m 39 |\u001b[39m \u001b[33m>\u001b[39m(value\u001b[33m:\u001b[39m \u001b[33mT\u001b[39m)\u001b[33m:\u001b[39m \u001b[33mT\u001b[39m \u001b[33m|\u001b[39m \u001b[36mvoid\u001b[39m {\n \u001b[90m 40 |\u001b[39m   \u001b[36mif\u001b[39m (\u001b[33mPlatform\u001b[39m\u001b[33m.\u001b[39m\u001b[33mOS\u001b[39m \u001b[33m===\u001b[39m \u001b[32m'ios'\u001b[39m) {\n \u001b[90m 41 |\u001b[39m     \u001b[36mreturn\u001b[39m value\u001b[33m;\u001b[39m\u001b[0m\n\nThere seems to be an issue with your configuration that prevents React Native Testing Library from working correctly.\nPlease check if you are using compatible versions of React Native and React Native Testing Library.\n    at detectHostComponentNames (/home/rendy/Projects/dhikr/node_modules/@testing-library/react-native/src/helpers/host-component-names.tsx:56:11)\n    at detectHostComponentNames (/home/rendy/Projects/dhikr/node_modules/@testing-library/react-native/src/helpers/host-component-names.tsx:27:30)\n    at renderInternal (/home/rendy/Projects/dhikr/node_modules/@testing-library/react-native/src/render.tsx:70:40)\n    at renderInternal (/home/rendy/Projects/dhikr/node_modules/@testing-library/react-native/src/render.tsx:44:10)\n    at renderBadge (/home/rendy/Projects/dhikr/__tests__/components/SourceBadge.test.tsx:71:16)\n    at Object.renderBadge (/home/rendy/Projects/dhikr/__tests__/components/SourceBadge.test.tsx:133:32)\n    at Promise.then.completed (/home/rendy/Projects/dhikr/node_modules/jest-circus/build/utils.js:298:28)\n    at new Promise (<anonymous>)\n    at callAsyncCircusFn (/home/rendy/Projects/dhikr/node_modules/jest-circus/build/utils.js:231:10)\n    at _callCircusTest (/home/rendy/Projects/dhikr/node_modules/jest-circus/build/run.js:316:40)\n    at _runTest (/home/rendy/Projects/dhikr/node_modules/jest-circus/build/run.js:252:3)\n    at _runTestsForDescribeBlock (/home/rendy/Projects/dhikr/node_modules/jest-circus/build/run.js:126:9)\n    at _runTestsForDescribeBlock (/home/rendy/Projects/dhikr/node_modules/jest-circus/build/run.js:121:9)\n    at run (/home/rendy/Projects/dhikr/node_modules/jest-circus/build/run.js:71:3)\n    at runAndTransformResultsToJestFormat (/home/rendy/Projects/dhikr/node_modules/jest-circus/build/legacy-code-todo-rewrite/jestAdapterInit.js:122:21)\n    at jestAdapter (/home/rendy/Projects/dhikr/node_modules/jest-circus/build/legacy-code-todo-rewrite/jestAdapter.js:79:19)\n    at runTestInternal (/home/rendy/Projects/dhikr/node_modules/jest-runner/build/runTest.js:367:16)\n    at runTest (/home/rendy/Projects/dhikr/node_modules/jest-runner/build/runTest.js:444:34)"],"fullName":"SourceBadge sets accessibilityRole to \"text\" on the pill for grade=\"hasan\"","invocations":1,"location":null,"numPassingAsserts":0,"retryReasons":[],"status":"failed","title":"sets accessibilityRole to \"text\" on the pill for grade=\"hasan\""},{"ancestorTitles":["SourceBadge"],"duration":8,"failureDetails":[{}],"failureMessages":["Error: Trying to detect host component names triggered the following error:\n\n/home/rendy/Projects/dhikr/node_modules/react-native/Libraries/NativeComponent/ViewConfigIgnore.js: 'identifier' expected in type parameter (38:2)\n  const T: {+[name: string]: true},\n  ^\n\n\u001b[0m \u001b[90m 36 |\u001b[39m \u001b[90m */\u001b[39m\n \u001b[90m 37 |\u001b[39m \u001b[36mexport\u001b[39m \u001b[36mfunction\u001b[39m \u001b[33mConditionallyIgnoredEventHandlers\u001b[39m\u001b[33m<\u001b[39m\n\u001b[31m\u001b[1m>\u001b[22m\u001b[39m\u001b[90m 38 |\u001b[39m   \u001b[36mconst\u001b[39m \u001b[33mT\u001b[39m\u001b[33m:\u001b[39m {\u001b[33m+\u001b[39m[name\u001b[33m:\u001b[39m string]\u001b[33m:\u001b[39m \u001b[36mtrue\u001b[39m}\u001b[33m,\u001b[39m\n \u001b[90m    |\u001b[39m   \u001b[31m\u001b[1m^\u001b[22m\u001b[39m\n \u001b[90m 39 |\u001b[39m \u001b[33m>\u001b[39m(value\u001b[33m:\u001b[39m \u001b[33mT\u001b[39m)\u001b[33m:\u001b[39m \u001b[33mT\u001b[39m \u001b[33m|\u001b[39m \u001b[36mvoid\u001b[39m {\n \u001b[90m 40 |\u001b[39m   \u001b[36mif\u001b[39m (\u001b[33mPlatform\u001b[39m\u001b[33m.\u001b[39m\u001b[33mOS\u001b[39m \u001b[33m===\u001b[39m \u001b[32m'ios'\u001b[39m) {\n \u001b[90m 41 |\u001b[39m     \u001b[36mreturn\u001b[39m value\u001b[33m;\u001b[39m\u001b[0m\n\nThere seems to be an issue with your configuration that prevents React Native Testing Library from working correctly.\nPlease check if you are using compatible versions of React Native and React Native Testing Library.\n    at detectHostComponentNames (/home/rendy/Projects/dhikr/node_modules/@testing-library/react-native/src/helpers/host-component-names.tsx:56:11)\n    at detectHostComponentNames (/home/rendy/Projects/dhikr/node_modules/@testing-library/react-native/src/helpers/host-component-names.tsx:27:30)\n    at renderInternal (/home/rendy/Projects/dhikr/node_modules/@testing-library/react-native/src/render.tsx:70:40)\n    at renderInternal (/home/rendy/Projects/dhikr/node_modules/@testing-library/react-native/src/render.tsx:44:10)\n    at renderBadge (/home/rendy/Projects/dhikr/__tests__/components/SourceBadge.test.tsx:71:16)\n    at Object.renderBadge (/home/rendy/Projects/dhikr/__tests__/components/SourceBadge.test.tsx:138:32)\n    at Promise.then.completed (/home/rendy/Projects/dhikr/node_modules/jest-circus/build/utils.js:298:28)\n    at new Promise (<anonymous>)\n    at callAsyncCircusFn (/home/rendy/Projects/dhikr/node_modules/jest-circus/build/utils.js:231:10)\n    at _callCircusTest (/home/rendy/Projects/dhikr/node_modules/jest-circus/build/run.js:316:40)\n    at _runTest (/home/rendy/Projects/dhikr/node_modules/jest-circus/build/run.js:252:3)\n    at _runTestsForDescribeBlock (/home/rendy/Projects/dhikr/node_modules/jest-circus/build/run.js:126:9)\n    at _runTestsForDescribeBlock (/home/rendy/Projects/dhikr/node_modules/jest-circus/build/run.js:121:9)\n    at run (/home/rendy/Projects/dhikr/node_modules/jest-circus/build/run.js:71:3)\n    at runAndTransformResultsToJestFormat (/home/rendy/Projects/dhikr/node_modules/jest-circus/build/legacy-code-todo-rewrite/jestAdapterInit.js:122:21)\n    at jestAdapter (/home/rendy/Projects/dhikr/node_modules/jest-circus/build/legacy-code-todo-rewrite/jestAdapter.js:79:19)\n    at runTestInternal (/home/rendy/Projects/dhikr/node_modules/jest-runner/build/runTest.js:367:16)\n    at runTest (/home/rendy/Projects/dhikr/node_modules/jest-runner/build/runTest.js:444:34)"],"fullName":"SourceBadge sets accessibilityLabel to the localized grade label for grade=\"sahih\"","invocations":1,"location":null,"numPassingAsserts":0,"retryReasons":[],"status":"failed","title":"sets accessibilityLabel to the localized grade label for grade=\"sahih\""},{"ancestorTitles":["SourceBadge"],"duration":7,"failureDetails":[{}],"failureMessages":["Error: Trying to detect host component names triggered the following error:\n\n/home/rendy/Projects/dhikr/node_modules/react-native/Libraries/NativeComponent/ViewConfigIgnore.js: 'identifier' expected in type parameter (38:2)\n  const T: {+[name: string]: true},\n  ^\n\n\u001b[0m \u001b[90m 36 |\u001b[39m \u001b[90m */\u001b[39m\n \u001b[90m 37 |\u001b[39m \u001b[36mexport\u001b[39m \u001b[36mfunction\u001b[39m \u001b[33mConditionallyIgnoredEventHandlers\u001b[39m\u001b[33m<\u001b[39m\n\u001b[31m\u001b[1m>\u001b[22m\u001b[39m\u001b[90m 38 |\u001b[39m   \u001b[36mconst\u001b[39m \u001b[33mT\u001b[39m\u001b[33m:\u001b[39m {\u001b[33m+\u001b[39m[name\u001b[33m:\u001b[39m string]\u001b[33m:\u001b[39m \u001b[36mtrue\u001b[39m}\u001b[33m,\u001b[39m\n \u001b[90m    |\u001b[39m   \u001b[31m\u001b[1m^\u001b[22m\u001b[39m\n \u001b[90m 39 |\u001b[39m \u001b[33m>\u001b[39m(value\u001b[33m:\u001b[39m \u001b[33mT\u001b[39m)\u001b[33m:\u001b[39m \u001b[33mT\u001b[39m \u001b[33m|\u001b[39m \u001b[36mvoid\u001b[39m {\n \u001b[90m 40 |\u001b[39m   \u001b[36mif\u001b[39m (\u001b[33mPlatform\u001b[39m\u001b[33m.\u001b[39m\u001b[33mOS\u001b[39m \u001b[33m===\u001b[39m \u001b[32m'ios'\u001b[39m) {\n \u001b[90m 41 |\u001b[39m     \u001b[36mreturn\u001b[39m value\u001b[33m;\u001b[39m\u001b[0m\n\nThere seems to be an issue with your configuration that prevents React Native Testing Library from working correctly.\nPlease check if you are using compatible versions of React Native and React Native Testing Library.\n    at detectHostComponentNames (/home/rendy/Projects/dhikr/node_modules/@testing-library/react-native/src/helpers/host-component-names.tsx:56:11)\n    at detectHostComponentNames (/home/rendy/Projects/dhikr/node_modules/@testing-library/react-native/src/helpers/host-component-names.tsx:27:30)\n    at renderInternal (/home/rendy/Projects/dhikr/node_modules/@testing-library/react-native/src/render.tsx:70:40)\n    at renderInternal (/home/rendy/Projects/dhikr/node_modules/@testing-library/react-native/src/render.tsx:44:10)\n    at renderBadge (/home/rendy/Projects/dhikr/__tests__/components/SourceBadge.test.tsx:71:16)\n    at Object.renderBadge (/home/rendy/Projects/dhikr/__tests__/components/SourceBadge.test.tsx:143:32)\n    at Promise.then.completed (/home/rendy/Projects/dhikr/node_modules/jest-circus/build/utils.js:298:28)\n    at new Promise (<anonymous>)\n    at callAsyncCircusFn (/home/rendy/Projects/dhikr/node_modules/jest-circus/build/utils.js:231:10)\n    at _callCircusTest (/home/rendy/Projects/dhikr/node_modules/jest-circus/build/run.js:316:40)\n    at _runTest (/home/rendy/Projects/dhikr/node_modules/jest-circus/build/run.js:252:3)\n    at _runTestsForDescribeBlock (/home/rendy/Projects/dhikr/node_modules/jest-circus/build/run.js:126:9)\n    at _runTestsForDescribeBlock (/home/rendy/Projects/dhikr/node_modules/jest-circus/build/run.js:121:9)\n    at run (/home/rendy/Projects/dhikr/node_modules/jest-circus/build/run.js:71:3)\n    at runAndTransformResultsToJestFormat (/home/rendy/Projects/dhikr/node_modules/jest-circus/build/legacy-code-todo-rewrite/jestAdapterInit.js:122:21)\n    at jestAdapter (/home/rendy/Projects/dhikr/node_modules/jest-circus/build/legacy-code-todo-rewrite/jestAdapter.js:79:19)\n    at runTestInternal (/home/rendy/Projects/dhikr/node_modules/jest-runner/build/runTest.js:367:16)\n    at runTest (/home/rendy/Projects/dhikr/node_modules/jest-runner/build/runTest.js:444:34)"],"fullName":"SourceBadge sets accessibilityLabel to the localized grade label for grade=\"hasan\"","invocations":1,"location":null,"numPassingAsserts":0,"retryReasons":[],"status":"failed","title":"sets accessibilityLabel to the localized grade label for grade=\"hasan\""}],"endTime":1778293230453,"message":"\u001b[1m\u001b[31m  \u001b[1m● \u001b[22m\u001b[1mSourceBadge › renders \"Sahih\" label for grade=\"sahih\"\u001b[39m\u001b[22m\n\n    Trying to detect host component names triggered the following error:\n\n    /home/rendy/Projects/dhikr/node_modules/react-native/Libraries/NativeComponent/ViewConfigIgnore.js: 'identifier' expected in type parameter (38:2)\n      const T: {+[name: string]: true},\n      ^\n\n    \u001b[0m \u001b[90m 36 |\u001b[39m \u001b[90m */\u001b[39m\n     \u001b[90m 37 |\u001b[39m \u001b[36mexport\u001b[39m \u001b[36mfunction\u001b[39m \u001b[33mConditionallyIgnoredEventHandlers\u001b[39m\u001b[33m<\u001b[39m\n    \u001b[31m\u001b[1m>\u001b[22m\u001b[39m\u001b[90m 38 |\u001b[39m   \u001b[36mconst\u001b[39m \u001b[33mT\u001b[39m\u001b[33m:\u001b[39m {\u001b[33m+\u001b[39m[name\u001b[33m:\u001b[39m string]\u001b[33m:\u001b[39m \u001b[36mtrue\u001b[39m}\u001b[33m,\u001b[39m\n     \u001b[90m    |\u001b[39m   \u001b[31m\u001b[1m^\u001b[22m\u001b[39m\n     \u001b[90m 39 |\u001b[39m \u001b[33m>\u001b[39m(value\u001b[33m:\u001b[39m \u001b[33mT\u001b[39m)\u001b[33m:\u001b[39m \u001b[33mT\u001b[39m \u001b[33m|\u001b[39m \u001b[36mvoid\u001b[39m {\n     \u001b[90m 40 |\u001b[39m   \u001b[36mif\u001b[39m (\u001b[33mPlatform\u001b[39m\u001b[33m.\u001b[39m\u001b[33mOS\u001b[39m \u001b[33m===\u001b[39m \u001b[32m'ios'\u001b[39m) {\n     \u001b[90m 41 |\u001b[39m     \u001b[36mreturn\u001b[39m value\u001b[33m;\u001b[39m\u001b[0m\n\n    There seems to be an issue with your configuration that prevents React Native Testing Library from working correctly.\n    Please check if you are using compatible versions of React Native and React Native Testing Library.\n\u001b[2m\u001b[22m\n\u001b[2m    \u001b[0m \u001b[90m 69 |\u001b[39m \u001b[90m/** Renders SourceBadge wrapped in the test i18n provider. */\u001b[39m\u001b[22m\n\u001b[2m     \u001b[90m 70 |\u001b[39m \u001b[36mfunction\u001b[39m renderBadge(grade\u001b[33m:\u001b[39m \u001b[33mAuthenticityGrade\u001b[39m) {\u001b[22m\n\u001b[2m    \u001b[31m\u001b[1m>\u001b[22m\u001b[2m\u001b[39m\u001b[90m 71 |\u001b[39m   \u001b[36mreturn\u001b[39m render(\u001b[22m\n\u001b[2m     \u001b[90m    |\u001b[39m                \u001b[31m\u001b[1m^\u001b[22m\u001b[2m\u001b[39m\u001b[22m\n\u001b[2m     \u001b[90m 72 |\u001b[39m     \u001b[33m<\u001b[39m\u001b[33mI18nextProvider\u001b[39m i18n\u001b[33m=\u001b[39m{testI18n}\u001b[33m>\u001b[39m\u001b[22m\n\u001b[2m     \u001b[90m 73 |\u001b[39m       \u001b[33m<\u001b[39m\u001b[33mSourceBadge\u001b[39m grade\u001b[33m=\u001b[39m{grade} \u001b[33m/\u001b[39m\u001b[33m>\u001b[39m\u001b[22m\n\u001b[2m     \u001b[90m 74 |\u001b[39m     \u001b[33m<\u001b[39m\u001b[33m/\u001b[39m\u001b[33mI18nextProvider\u001b[39m\u001b[33m>\u001b[39m\u001b[33m,\u001b[39m\u001b[0m\u001b[22m\n\u001b[2m\u001b[22m\n\u001b[2m      \u001b[2mat detectHostComponentNames (\u001b[22m\u001b[2mnode_modules/@testing-library/react-native/src/helpers/host-component-names.tsx\u001b[2m:56:11)\u001b[22m\u001b[2m\u001b[22m\n\u001b[2m      \u001b[2mat detectHostComponentNames (\u001b[22m\u001b[2mnode_modules/@testing-library/react-native/src/helpers/host-component-names.tsx\u001b[2m:27:30)\u001b[22m\u001b[2m\u001b[22m\n\u001b[2m      \u001b[2mat renderInternal (\u001b[22m\u001b[2mnode_modules/@testing-library/react-native/src/render.tsx\u001b[2m:70:40)\u001b[22m\u001b[2m\u001b[22m\n\u001b[2m      \u001b[2mat renderInternal (\u001b[22m\u001b[2mnode_modules/@testing-library/react-native/src/render.tsx\u001b[2m:44:10)\u001b[22m\u001b[2m\u001b[22m\n\u001b[2m      \u001b[2mat renderBadge (\u001b[22m\u001b[2m\u001b[0m\u001b[36m__tests__/components/SourceBadge.test.tsx\u001b[39m\u001b[0m\u001b[2m:71:16)\u001b[22m\u001b[2m\u001b[22m\n\u001b[2m      \u001b[2mat Object.renderBadge (\u001b[22m\u001b[2m\u001b[0m\u001b[36m__tests__/components/SourceBadge.test.tsx\u001b[39m\u001b[0m\u001b[2m:84:27)\u001b[22m\u001b[2m\u001b[22m\n\n\u001b[1m\u001b[31m  \u001b[1m● \u001b[22m\u001b[1mSourceBadge › renders \"Hasan\" label for grade=\"hasan\"\u001b[39m\u001b[22m\n\n    Trying to detect host component names triggered the following error:\n\n    /home/rendy/Projects/dhikr/node_modules/react-native/Libraries/NativeComponent/ViewConfigIgnore.js: 'identifier' expected in type parameter (38:2)\n      const T: {+[name: string]: true},\n      ^\n\n    \u001b[0m \u001b[90m 36 |\u001b[39m \u001b[90m */\u001b[39m\n     \u001b[90m 37 |\u001b[39m \u001b[36mexport\u001b[39m \u001b[36mfunction\u001b[39m \u001b[33mConditionallyIgnoredEventHandlers\u001b[39m\u001b[33m<\u001b[39m\n    \u001b[31m\u001b[1m>\u001b[22m\u001b[39m\u001b[90m 38 |\u001b[39m   \u001b[36mconst\u001b[39m \u001b[33mT\u001b[39m\u001b[33m:\u001b[39m {\u001b[33m+\u001b[39m[name\u001b[33m:\u001b[39m string]\u001b[33m:\u001b[39m \u001b[36mtrue\u001b[39m}\u001b[33m,\u001b[39m\n     \u001b[90m    |\u001b[39m   \u001b[31m\u001b[1m^\u001b[22m\u001b[39m\n     \u001b[90m 39 |\u001b[39m \u001b[33m>\u001b[39m(value\u001b[33m:\u001b[39m \u001b[33mT\u001b[39m)\u001b[33m:\u001b[39m \u001b[33mT\u001b[39m \u001b[33m|\u001b[39m \u001b[36mvoid\u001b[39m {\n     \u001b[90m 40 |\u001b[39m   \u001b[36mif\u001b[39m (\u001b[33mPlatform\u001b[39m\u001b[33m.\u001b[39m\u001b[33mOS\u001b[39m \u001b[33m===\u001b[39m \u001b[32m'ios'\u001b[39m) {\n     \u001b[90m 41 |\u001b[39m     \u001b[36mreturn\u001b[39m value\u001b[33m;\u001b[39m\u001b[0m\n\n    There seems to be an issue with your configuration that prevents React Native Testing Library from working correctly.\n    Please check if you are using compatible versions of React Native and React Native Testing Library.\n\u001b[2m\u001b[22m\n\u001b[2m    \u001b[0m \u001b[90m 69 |\u001b[39m \u001b[90m/** Renders SourceBadge wrapped in the test i18n provider. */\u001b[39m\u001b[22m\n\u001b[2m     \u001b[90m 70 |\u001b[39m \u001b[36mfunction\u001b[39m renderBadge(grade\u001b[33m:\u001b[39m \u001b[33mAuthenticityGrade\u001b[39m) {\u001b[22m\n\u001b[2m    \u001b[31m\u001b[1m>\u001b[22m\u001b[2m\u001b[39m\u001b[90m 71 |\u001b[39m   \u001b[36mreturn\u001b[39m render(\u001b[22m\n\u001b[2m     \u001b[90m    |\u001b[39m                \u001b[31m\u001b[1m^\u001b[22m\u001b[2m\u001b[39m\u001b[22m\n\u001b[2m     \u001b[90m 72 |\u001b[39m     \u001b[33m<\u001b[39m\u001b[33mI18nextProvider\u001b[39m i18n\u001b[33m=\u001b[39m{testI18n}\u001b[33m>\u001b[39m\u001b[22m\n\u001b[2m     \u001b[90m 73 |\u001b[39m       \u001b[33m<\u001b[39m\u001b[33mSourceBadge\u001b[39m grade\u001b[33m=\u001b[39m{grade} \u001b[33m/\u001b[39m\u001b[33m>\u001b[39m\u001b[22m\n\u001b[2m     \u001b[90m 74 |\u001b[39m     \u001b[33m<\u001b[39m\u001b[33m/\u001b[39m\u001b[33mI18nextProvider\u001b[39m\u001b[33m>\u001b[39m\u001b[33m,\u001b[39m\u001b[0m\u001b[22m\n\u001b[2m\u001b[22m\n\u001b[2m      \u001b[2mat detectHostComponentNames (\u001b[22m\u001b[2mnode_modules/@testing-library/react-native/src/helpers/host-component-names.tsx\u001b[2m:56:11)\u001b[22m\u001b[2m\u001b[22m\n\u001b[2m      \u001b[2mat detectHostComponentNames (\u001b[22m\u001b[2mnode_modules/@testing-library/react-native/src/helpers/host-component-names.tsx\u001b[2m:27:30)\u001b[22m\u001b[2m\u001b[22m\n\u001b[2m      \u001b[2mat renderInternal (\u001b[22m\u001b[2mnode_modules/@testing-library/react-native/src/render.tsx\u001b[2m:70:40)\u001b[22m\u001b[2m\u001b[22m\n\u001b[2m      \u001b[2mat renderInternal (\u001b[22m\u001b[2mnode_modules/@testing-library/react-native/src/render.tsx\u001b[2m:44:10)\u001b[22m\u001b[2m\u001b[22m\n\u001b[2m      \u001b[2mat renderBadge (\u001b[22m\u001b[2m\u001b[0m\u001b[36m__tests__/components/SourceBadge.test.tsx\u001b[39m\u001b[0m\u001b[2m:71:16)\u001b[22m\u001b[2m\u001b[22m\n\u001b[2m      \u001b[2mat Object.renderBadge (\u001b[22m\u001b[2m\u001b[0m\u001b[36m__tests__/components/SourceBadge.test.tsx\u001b[39m\u001b[0m\u001b[2m:89:27)\u001b[22m\u001b[2m\u001b[22m\n\n\u001b[1m\u001b[31m  \u001b[1m● \u001b[22m\u001b[1mSourceBadge › applies successSubtle background for grade=\"sahih\"\u001b[39m\u001b[22m\n\n    Trying to detect host component names triggered the following error:\n\n    /home/rendy/Projects/dhikr/node_modules/react-native/Libraries/NativeComponent/ViewConfigIgnore.js: 'identifier' expected in type parameter (38:2)\n      const T: {+[name: string]: true},\n      ^\n\n    \u001b[0m \u001b[90m 36 |\u001b[39m \u001b[90m */\u001b[39m\n     \u001b[90m 37 |\u001b[39m \u001b[36mexport\u001b[39m \u001b[36mfunction\u001b[39m \u001b[33mConditionallyIgnoredEventHandlers\u001b[39m\u001b[33m<\u001b[39m\n    \u001b[31m\u001b[1m>\u001b[22m\u001b[39m\u001b[90m 38 |\u001b[39m   \u001b[36mconst\u001b[39m \u001b[33mT\u001b[39m\u001b[33m:\u001b[39m {\u001b[33m+\u001b[39m[name\u001b[33m:\u001b[39m string]\u001b[33m:\u001b[39m \u001b[36mtrue\u001b[39m}\u001b[33m,\u001b[39m\n     \u001b[90m    |\u001b[39m   \u001b[31m\u001b[1m^\u001b[22m\u001b[39m\n     \u001b[90m 39 |\u001b[39m \u001b[33m>\u001b[39m(value\u001b[33m:\u001b[39m \u001b[33mT\u001b[39m)\u001b[33m:\u001b[39m \u001b[33mT\u001b[39m \u001b[33m|\u001b[39m \u001b[36mvoid\u001b[39m {\n     \u001b[90m 40 |\u001b[39m   \u001b[36mif\u001b[39m (\u001b[33mPlatform\u001b[39m\u001b[33m.\u001b[39m\u001b[33mOS\u001b[39m \u001b[33m===\u001b[39m \u001b[32m'ios'\u001b[39m) {\n     \u001b[90m 41 |\u001b[39m     \u001b[36mreturn\u001b[39m value\u001b[33m;\u001b[39m\u001b[0m\n\n    There seems to be an issue with your configuration that prevents React Native Testing Library from working correctly.\n    Please check if you are using compatible versions of React Native and React Native Testing Library.\n\u001b[2m\u001b[22m\n\u001b[2m    \u001b[0m \u001b[90m 69 |\u001b[39m \u001b[90m/** Renders SourceBadge wrapped in the test i18n provider. */\u001b[39m\u001b[22m\n\u001b[2m     \u001b[90m 70 |\u001b[39m \u001b[36mfunction\u001b[39m renderBadge(grade\u001b[33m:\u001b[39m \u001b[33mAuthenticityGrade\u001b[39m) {\u001b[22m\n\u001b[2m    \u001b[31m\u001b[1m>\u001b[22m\u001b[2m\u001b[39m\u001b[90m 71 |\u001b[39m   \u001b[36mreturn\u001b[39m render(\u001b[22m\n\u001b[2m     \u001b[90m    |\u001b[39m                \u001b[31m\u001b[1m^\u001b[22m\u001b[2m\u001b[39m\u001b[22m\n\u001b[2m     \u001b[90m 72 |\u001b[39m     \u001b[33m<\u001b[39m\u001b[33mI18nextProvider\u001b[39m i18n\u001b[33m=\u001b[39m{testI18n}\u001b[33m>\u001b[39m\u001b[22m\n\u001b[2m     \u001b[90m 73 |\u001b[39m       \u001b[33m<\u001b[39m\u001b[33mSourceBadge\u001b[39m grade\u001b[33m=\u001b[39m{grade} \u001b[33m/\u001b[39m\u001b[33m>\u001b[39m\u001b[22m\n\u001b[2m     \u001b[90m 74 |\u001b[39m     \u001b[33m<\u001b[39m\u001b[33m/\u001b[39m\u001b[33mI18nextProvider\u001b[39m\u001b[33m>\u001b[39m\u001b[33m,\u001b[39m\u001b[0m\u001b[22m\n\u001b[2m\u001b[22m\n\u001b[2m      \u001b[2mat detectHostComponentNames (\u001b[22m\u001b[2mnode_modules/@testing-library/react-native/src/helpers/host-component-names.tsx\u001b[2m:56:11)\u001b[22m\u001b[2m\u001b[22m\n\u001b[2m      \u001b[2mat detectHostComponentNames (\u001b[22m\u001b[2mnode_modules/@testing-library/react-native/src/helpers/host-component-names.tsx\u001b[2m:27:30)\u001b[22m\u001b[2m\u001b[22m\n\u001b[2m      \u001b[2mat renderInternal (\u001b[22m\u001b[2mnode_modules/@testing-library/react-native/src/render.tsx\u001b[2m:70:40)\u001b[22m\u001b[2m\u001b[22m\n\u001b[2m      \u001b[2mat renderInternal (\u001b[22m\u001b[2mnode_modules/@testing-library/react-native/src/render.tsx\u001b[2m:44:10)\u001b[22m\u001b[2m\u001b[22m\n\u001b[2m      \u001b[2mat renderBadge (\u001b[22m\u001b[2m\u001b[0m\u001b[36m__tests__/components/SourceBadge.test.tsx\u001b[39m\u001b[0m\u001b[2m:71:16)\u001b[22m\u001b[2m\u001b[22m\n\u001b[2m      \u001b[2mat Object.renderBadge (\u001b[22m\u001b[2m\u001b[0m\u001b[36m__tests__/components/SourceBadge.test.tsx\u001b[39m\u001b[0m\u001b[2m:96:59)\u001b[22m\u001b[2m\u001b[22m\n\n\u001b[1m\u001b[31m  \u001b[1m● \u001b[22m\u001b[1mSourceBadge › applies warningSubtle background for grade=\"hasan\"\u001b[39m\u001b[22m\n\n    Trying to detect host component names triggered the following error:\n\n    /home/rendy/Projects/dhikr/node_modules/react-native/Libraries/NativeComponent/ViewConfigIgnore.js: 'identifier' expected in type parameter (38:2)\n      const T: {+[name: string]: true},\n      ^\n\n    \u001b[0m \u001b[90m 36 |\u001b[39m \u001b[90m */\u001b[39m\n     \u001b[90m 37 |\u001b[39m \u001b[36mexport\u001b[39m \u001b[36mfunction\u001b[39m \u001b[33mConditionallyIgnoredEventHandlers\u001b[39m\u001b[33m<\u001b[39m\n    \u001b[31m\u001b[1m>\u001b[22m\u001b[39m\u001b[90m 38 |\u001b[39m   \u001b[36mconst\u001b[39m \u001b[33mT\u001b[39m\u001b[33m:\u001b[39m {\u001b[33m+\u001b[39m[name\u001b[33m:\u001b[39m string]\u001b[33m:\u001b[39m \u001b[36mtrue\u001b[39m}\u001b[33m,\u001b[39m\n     \u001b[90m    |\u001b[39m   \u001b[31m\u001b[1m^\u001b[22m\u001b[39m\n     \u001b[90m 39 |\u001b[39m \u001b[33m>\u001b[39m(value\u001b[33m:\u001b[39m \u001b[33mT\u001b[39m)\u001b[33m:\u001b[39m \u001b[33mT\u001b[39m \u001b[33m|\u001b[39m \u001b[36mvoid\u001b[39m {\n     \u001b[90m 40 |\u001b[39m   \u001b[36mif\u001b[39m (\u001b[33mPlatform\u001b[39m\u001b[33m.\u001b[39m\u001b[33mOS\u001b[39m \u001b[33m===\u001b[39m \u001b[32m'ios'\u001b[39m) {\n     \u001b[90m 41 |\u001b[39m     \u001b[36mreturn\u001b[39m value\u001b[33m;\u001b[39m\u001b[0m\n\n    There seems to be an issue with your configuration that prevents React Native Testing Library from working correctly.\n    Please check if you are using compatible versions of React Native and React Native Testing Library.\n\u001b[2m\u001b[22m\n\u001b[2m    \u001b[0m \u001b[90m 69 |\u001b[39m \u001b[90m/** Renders SourceBadge wrapped in the test i18n provider. */\u001b[39m\u001b[22m\n\u001b[2m     \u001b[90m 70 |\u001b[39m \u001b[36mfunction\u001b[39m renderBadge(grade\u001b[33m:\u001b[39m \u001b[33mAuthenticityGrade\u001b[39m) {\u001b[22m\n\u001b[2m    \u001b[31m\u001b[1m>\u001b[22m\u001b[2m\u001b[39m\u001b[90m 71 |\u001b[39m   \u001b[36mreturn\u001b[39m render(\u001b[22m\n\u001b[2m     \u001b[90m    |\u001b[39m                \u001b[31m\u001b[1m^\u001b[22m\u001b[2m\u001b[39m\u001b[22m\n\u001b[2m     \u001b[90m 72 |\u001b[39m     \u001b[33m<\u001b[39m\u001b[33mI18nextProvider\u001b[39m i18n\u001b[33m=\u001b[39m{testI18n}\u001b[33m>\u001b[39m\u001b[22m\n\u001b[2m     \u001b[90m 73 |\u001b[39m       \u001b[33m<\u001b[39m\u001b[33mSourceBadge\u001b[39m grade\u001b[33m=\u001b[39m{grade} \u001b[33m/\u001b[39m\u001b[33m>\u001b[39m\u001b[22m\n\u001b[2m     \u001b[90m 74 |\u001b[39m     \u001b[33m<\u001b[39m\u001b[33m/\u001b[39m\u001b[33mI18nextProvider\u001b[39m\u001b[33m>\u001b[39m\u001b[33m,\u001b[39m\u001b[0m\u001b[22m\n\u001b[2m\u001b[22m\n\u001b[2m      \u001b[2mat detectHostComponentNames (\u001b[22m\u001b[2mnode_modules/@testing-library/react-native/src/helpers/host-component-names.tsx\u001b[2m:56:11)\u001b[22m\u001b[2m\u001b[22m\n\u001b[2m      \u001b[2mat detectHostComponentNames (\u001b[22m\u001b[2mnode_modules/@testing-library/react-native/src/helpers/host-component-names.tsx\u001b[2m:27:30)\u001b[22m\u001b[2m\u001b[22m\n\u001b[2m      \u001b[2mat renderInternal (\u001b[22m\u001b[2mnode_modules/@testing-library/react-native/src/render.tsx\u001b[2m:70:40)\u001b[22m\u001b[2m\u001b[22m\n\u001b[2m      \u001b[2mat renderInternal (\u001b[22m\u001b[2mnode_modules/@testing-library/react-native/src/render.tsx\u001b[2m:44:10)\u001b[22m\u001b[2m\u001b[22m\n\u001b[2m      \u001b[2mat renderBadge (\u001b[22m\u001b[2m\u001b[0m\u001b[36m__tests__/components/SourceBadge.test.tsx\u001b[39m\u001b[0m\u001b[2m:71:16)\u001b[22m\u001b[2m\u001b[22m\n\u001b[2m      \u001b[2mat Object.renderBadge (\u001b[22m\u001b[2m\u001b[0m\u001b[36m__tests__/components/SourceBadge.test.tsx\u001b[39m\u001b[0m\u001b[2m:105:32)\u001b[22m\u001b[2m\u001b[22m\n\n\u001b[1m\u001b[31m  \u001b[1m● \u001b[22m\u001b[1mSourceBadge › applies success text color for grade=\"sahih\"\u001b[39m\u001b[22m\n\n    Trying to detect host component names triggered the following error:\n\n    /home/rendy/Projects/dhikr/node_modules/react-native/Libraries/NativeComponent/ViewConfigIgnore.js: 'identifier' expected in type parameter (38:2)\n      const T: {+[name: string]: true},\n      ^\n\n    \u001b[0m \u001b[90m 36 |\u001b[39m \u001b[90m */\u001b[39m\n     \u001b[90m 37 |\u001b[39m \u001b[36mexport\u001b[39m \u001b[36mfunction\u001b[39m \u001b[33mConditionallyIgnoredEventHandlers\u001b[39m\u001b[33m<\u001b[39m\n    \u001b[31m\u001b[1m>\u001b[22m\u001b[39m\u001b[90m 38 |\u001b[39m   \u001b[36mconst\u001b[39m \u001b[33mT\u001b[39m\u001b[33m:\u001b[39m {\u001b[33m+\u001b[39m[name\u001b[33m:\u001b[39m string]\u001b[33m:\u001b[39m \u001b[36mtrue\u001b[39m}\u001b[33m,\u001b[39m\n     \u001b[90m    |\u001b[39m   \u001b[31m\u001b[1m^\u001b[22m\u001b[39m\n     \u001b[90m 39 |\u001b[39m \u001b[33m>\u001b[39m(value\u001b[33m:\u001b[39m \u001b[33mT\u001b[39m)\u001b[33m:\u001b[39m \u001b[33mT\u001b[39m \u001b[33m|\u001b[39m \u001b[36mvoid\u001b[39m {\n     \u001b[90m 40 |\u001b[39m   \u001b[36mif\u001b[39m (\u001b[33mPlatform\u001b[39m\u001b[33m.\u001b[39m\u001b[33mOS\u001b[39m \u001b[33m===\u001b[39m \u001b[32m'ios'\u001b[39m) {\n     \u001b[90m 41 |\u001b[39m     \u001b[36mreturn\u001b[39m value\u001b[33m;\u001b[39m\u001b[0m\n\n    There seems to be an issue with your configuration that prevents React Native Testing Library from working correctly.\n    Please check if you are using compatible versions of React Native and React Native Testing Library.\n\u001b[2m\u001b[22m\n\u001b[2m    \u001b[0m \u001b[90m 69 |\u001b[39m \u001b[90m/** Renders SourceBadge wrapped in the test i18n provider. */\u001b[39m\u001b[22m\n\u001b[2m     \u001b[90m 70 |\u001b[39m \u001b[36mfunction\u001b[39m renderBadge(grade\u001b[33m:\u001b[39m \u001b[33mAuthenticityGrade\u001b[39m) {\u001b[22m\n\u001b[2m    \u001b[31m\u001b[1m>\u001b[22m\u001b[2m\u001b[39m\u001b[90m 71 |\u001b[39m   \u001b[36mreturn\u001b[39m render(\u001b[22m\n\u001b[2m     \u001b[90m    |\u001b[39m                \u001b[31m\u001b[1m^\u001b[22m\u001b[2m\u001b[39m\u001b[22m\n\u001b[2m     \u001b[90m 72 |\u001b[39m     \u001b[33m<\u001b[39m\u001b[33mI18nextProvider\u001b[39m i18n\u001b[33m=\u001b[39m{testI18n}\u001b[33m>\u001b[39m\u001b[22m\n\u001b[2m     \u001b[90m 73 |\u001b[39m       \u001b[33m<\u001b[39m\u001b[33mSourceBadge\u001b[39m grade\u001b[33m=\u001b[39m{grade} \u001b[33m/\u001b[39m\u001b[33m>\u001b[39m\u001b[22m\n\u001b[2m     \u001b[90m 74 |\u001b[39m     \u001b[33m<\u001b[39m\u001b[33m/\u001b[39m\u001b[33mI18nextProvider\u001b[39m\u001b[33m>\u001b[39m\u001b[33m,\u001b[39m\u001b[0m\u001b[22m\n\u001b[2m\u001b[22m\n\u001b[2m      \u001b[2mat detectHostComponentNames (\u001b[22m\u001b[2mnode_modules/@testing-library/react-native/src/helpers/host-component-names.tsx\u001b[2m:56:11)\u001b[22m\u001b[2m\u001b[22m\n\u001b[2m      \u001b[2mat detectHostComponentNames (\u001b[22m\u001b[2mnode_modules/@testing-library/react-native/src/helpers/host-component-names.tsx\u001b[2m:27:30)\u001b[22m\u001b[2m\u001b[22m\n\u001b[2m      \u001b[2mat renderInternal (\u001b[22m\u001b[2mnode_modules/@testing-library/react-native/src/render.tsx\u001b[2m:70:40)\u001b[22m\u001b[2m\u001b[22m\n\u001b[2m      \u001b[2mat renderInternal (\u001b[22m\u001b[2mnode_modules/@testing-library/react-native/src/render.tsx\u001b[2m:44:10)\u001b[22m\u001b[2m\u001b[22m\n\u001b[2m      \u001b[2mat renderBadge (\u001b[22m\u001b[2m\u001b[0m\u001b[36m__tests__/components/SourceBadge.test.tsx\u001b[39m\u001b[0m\u001b[2m:71:16)\u001b[22m\u001b[2m\u001b[22m\n\u001b[2m      \u001b[2mat Object.renderBadge (\u001b[22m\u001b[2m\u001b[0m\u001b[36m__tests__/components/SourceBadge.test.tsx\u001b[39m\u001b[0m\u001b[2m:114:27)\u001b[22m\u001b[2m\u001b[22m\n\n\u001b[1m\u001b[31m  \u001b[1m● \u001b[22m\u001b[1mSourceBadge › applies warning text color for grade=\"hasan\"\u001b[39m\u001b[22m\n\n    Trying to detect host component names triggered the following error:\n\n    /home/rendy/Projects/dhikr/node_modules/react-native/Libraries/NativeComponent/ViewConfigIgnore.js: 'identifier' expected in type parameter (38:2)\n      const T: {+[name: string]: true},\n      ^\n\n    \u001b[0m \u001b[90m 36 |\u001b[39m \u001b[90m */\u001b[39m\n     \u001b[90m 37 |\u001b[39m \u001b[36mexport\u001b[39m \u001b[36mfunction\u001b[39m \u001b[33mConditionallyIgnoredEventHandlers\u001b[39m\u001b[33m<\u001b[39m\n    \u001b[31m\u001b[1m>\u001b[22m\u001b[39m\u001b[90m 38 |\u001b[39m   \u001b[36mconst\u001b[39m \u001b[33mT\u001b[39m\u001b[33m:\u001b[39m {\u001b[33m+\u001b[39m[name\u001b[33m:\u001b[39m string]\u001b[33m:\u001b[39m \u001b[36mtrue\u001b[39m}\u001b[33m,\u001b[39m\n     \u001b[90m    |\u001b[39m   \u001b[31m\u001b[1m^\u001b[22m\u001b[39m\n     \u001b[90m 39 |\u001b[39m \u001b[33m>\u001b[39m(value\u001b[33m:\u001b[39m \u001b[33mT\u001b[39m)\u001b[33m:\u001b[39m \u001b[33mT\u001b[39m \u001b[33m|\u001b[39m \u001b[36mvoid\u001b[39m {\n     \u001b[90m 40 |\u001b[39m   \u001b[36mif\u001b[39m (\u001b[33mPlatform\u001b[39m\u001b[33m.\u001b[39m\u001b[33mOS\u001b[39m \u001b[33m===\u001b[39m \u001b[32m'ios'\u001b[39m) {\n     \u001b[90m 41 |\u001b[39m     \u001b[36mreturn\u001b[39m value\u001b[33m;\u001b[39m\u001b[0m\n\n    There seems to be an issue with your configuration that prevents React Native Testing Library from working correctly.\n    Please check if you are using compatible versions of React Native and React Native Testing Library.\n\u001b[2m\u001b[22m\n\u001b[2m    \u001b[0m \u001b[90m 69 |\u001b[39m \u001b[90m/** Renders SourceBadge wrapped in the test i18n provider. */\u001b[39m\u001b[22m\n\u001b[2m     \u001b[90m 70 |\u001b[39m \u001b[36mfunction\u001b[39m renderBadge(grade\u001b[33m:\u001b[39m \u001b[33mAuthenticityGrade\u001b[39m) {\u001b[22m\n\u001b[2m    \u001b[31m\u001b[1m>\u001b[22m\u001b[2m\u001b[39m\u001b[90m 71 |\u001b[39m   \u001b[36mreturn\u001b[39m render(\u001b[22m\n\u001b[2m     \u001b[90m    |\u001b[39m                \u001b[31m\u001b[1m^\u001b[22m\u001b[2m\u001b[39m\u001b[22m\n\u001b[2m     \u001b[90m 72 |\u001b[39m     \u001b[33m<\u001b[39m\u001b[33mI18nextProvider\u001b[39m i18n\u001b[33m=\u001b[39m{testI18n}\u001b[33m>\u001b[39m\u001b[22m\n\u001b[2m     \u001b[90m 73 |\u001b[39m       \u001b[33m<\u001b[39m\u001b[33mSourceBadge\u001b[39m grade\u001b[33m=\u001b[39m{grade} \u001b[33m/\u001b[39m\u001b[33m>\u001b[39m\u001b[22m\n\u001b[2m     \u001b[90m 74 |\u001b[39m     \u001b[33m<\u001b[39m\u001b[33m/\u001b[39m\u001b[33mI18nextProvider\u001b[39m\u001b[33m>\u001b[39m\u001b[33m,\u001b[39m\u001b[0m\u001b[22m\n\u001b[2m\u001b[22m\n\u001b[2m      \u001b[2mat detectHostComponentNames (\u001b[22m\u001b[2mnode_modules/@testing-library/react-native/src/helpers/host-component-names.tsx\u001b[2m:56:11)\u001b[22m\u001b[2m\u001b[22m\n\u001b[2m      \u001b[2mat detectHostComponentNames (\u001b[22m\u001b[2mnode_modules/@testing-library/react-native/src/helpers/host-component-names.tsx\u001b[2m:27:30)\u001b[22m\u001b[2m\u001b[22m\n\u001b[2m      \u001b[2mat renderInternal (\u001b[22m\u001b[2mnode_modules/@testing-library/react-native/src/render.tsx\u001b[2m:70:40)\u001b[22m\u001b[2m\u001b[22m\n\u001b[2m      \u001b[2mat renderInternal (\u001b[22m\u001b[2mnode_modules/@testing-library/react-native/src/render.tsx\u001b[2m:44:10)\u001b[22m\u001b[2m\u001b[22m\n\u001b[2m      \u001b[2mat renderBadge (\u001b[22m\u001b[2m\u001b[0m\u001b[36m__tests__/components/SourceBadge.test.tsx\u001b[39m\u001b[0m\u001b[2m:71:16)\u001b[22m\u001b[2m\u001b[22m\n\u001b[2m      \u001b[2mat Object.renderBadge (\u001b[22m\u001b[2m\u001b[0m\u001b[36m__tests__/components/SourceBadge.test.tsx\u001b[39m\u001b[0m\u001b[2m:120:27)\u001b[22m\u001b[2m\u001b[22m\n\n\u001b[1m\u001b[31m  \u001b[1m● \u001b[22m\u001b[1mSourceBadge › sets accessibilityRole to \"text\" on the pill for grade=\"sahih\"\u001b[39m\u001b[22m\n\n    Trying to detect host component names triggered the following error:\n\n    /home/rendy/Projects/dhikr/node_modules/react-native/Libraries/NativeComponent/ViewConfigIgnore.js: 'identifier' expected in type parameter (38:2)\n      const T: {+[name: string]: true},\n      ^\n\n    \u001b[0m \u001b[90m 36 |\u001b[39m \u001b[90m */\u001b[39m\n     \u001b[90m 37 |\u001b[39m \u001b[36mexport\u001b[39m \u001b[36mfunction\u001b[39m \u001b[33mConditionallyIgnoredEventHandlers\u001b[39m\u001b[33m<\u001b[39m\n    \u001b[31m\u001b[1m>\u001b[22m\u001b[39m\u001b[90m 38 |\u001b[39m   \u001b[36mconst\u001b[39m \u001b[33mT\u001b[39m\u001b[33m:\u001b[39m {\u001b[33m+\u001b[39m[name\u001b[33m:\u001b[39m string]\u001b[33m:\u001b[39m \u001b[36mtrue\u001b[39m}\u001b[33m,\u001b[39m\n     \u001b[90m    |\u001b[39m   \u001b[31m\u001b[1m^\u001b[22m\u001b[39m\n     \u001b[90m 39 |\u001b[39m \u001b[33m>\u001b[39m(value\u001b[33m:\u001b[39m \u001b[33mT\u001b[39m)\u001b[33m:\u001b[39m \u001b[33mT\u001b[39m \u001b[33m|\u001b[39m \u001b[36mvoid\u001b[39m {\n     \u001b[90m 40 |\u001b[39m   \u001b[36mif\u001b[39m (\u001b[33mPlatform\u001b[39m\u001b[33m.\u001b[39m\u001b[33mOS\u001b[39m \u001b[33m===\u001b[39m \u001b[32m'ios'\u001b[39m) {\n     \u001b[90m 41 |\u001b[39m     \u001b[36mreturn\u001b[39m value\u001b[33m;\u001b[39m\u001b[0m\n\n    There seems to be an issue with your configuration that prevents React Native Testing Library from working correctly.\n    Please check if you are using compatible versions of React Native and React Native Testing Library.\n\u001b[2m\u001b[22m\n\u001b[2m    \u001b[0m \u001b[90m 69 |\u001b[39m \u001b[90m/** Renders SourceBadge wrapped in the test i18n provider. */\u001b[39m\u001b[22m\n\u001b[2m     \u001b[90m 70 |\u001b[39m \u001b[36mfunction\u001b[39m renderBadge(grade\u001b[33m:\u001b[39m \u001b[33mAuthenticityGrade\u001b[39m) {\u001b[22m\n\u001b[2m    \u001b[31m\u001b[1m>\u001b[22m\u001b[2m\u001b[39m\u001b[90m 71 |\u001b[39m   \u001b[36mreturn\u001b[39m render(\u001b[22m\n\u001b[2m     \u001b[90m    |\u001b[39m                \u001b[31m\u001b[1m^\u001b[22m\u001b[2m\u001b[39m\u001b[22m\n\u001b[2m     \u001b[90m 72 |\u001b[39m     \u001b[33m<\u001b[39m\u001b[33mI18nextProvider\u001b[39m i18n\u001b[33m=\u001b[39m{testI18n}\u001b[33m>\u001b[39m\u001b[22m\n\u001b[2m     \u001b[90m 73 |\u001b[39m       \u001b[33m<\u001b[39m\u001b[33mSourceBadge\u001b[39m grade\u001b[33m=\u001b[39m{grade} \u001b[33m/\u001b[39m\u001b[33m>\u001b[39m\u001b[22m\n\u001b[2m     \u001b[90m 74 |\u001b[39m     \u001b[33m<\u001b[39m\u001b[33m/\u001b[39m\u001b[33mI18nextProvider\u001b[39m\u001b[33m>\u001b[39m\u001b[33m,\u001b[39m\u001b[0m\u001b[22m\n\u001b[2m\u001b[22m\n\u001b[2m      \u001b[2mat detectHostComponentNames (\u001b[22m\u001b[2mnode_modules/@testing-library/react-native/src/helpers/host-component-names.tsx\u001b[2m:56:11)\u001b[22m\u001b[2m\u001b[22m\n\u001b[2m      \u001b[2mat detectHostComponentNames (\u001b[22m\u001b[2mnode_modules/@testing-library/react-native/src/helpers/host-component-names.tsx\u001b[2m:27:30)\u001b[22m\u001b[2m\u001b[22m\n\u001b[2m      \u001b[2mat renderInternal (\u001b[22m\u001b[2mnode_modules/@testing-library/react-native/src/render.tsx\u001b[2m:70:40)\u001b[22m\u001b[2m\u001b[22m\n\u001b[2m      \u001b[2mat renderInternal (\u001b[22m\u001b[2mnode_modules/@testing-library/react-native/src/render.tsx\u001b[2m:44:10)\u001b[22m\u001b[2m\u001b[22m\n\u001b[2m      \u001b[2mat renderBadge (\u001b[22m\u001b[2m\u001b[0m\u001b[36m__tests__/components/SourceBadge.test.tsx\u001b[39m\u001b[0m\u001b[2m:71:16)\u001b[22m\u001b[2m\u001b[22m\n\u001b[2m      \u001b[2mat Object.renderBadge (\u001b[22m\u001b[2m\u001b[0m\u001b[36m__tests__/components/SourceBadge.test.tsx\u001b[39m\u001b[0m\u001b[2m:128:32)\u001b[22m\u001b[2m\u001b[22m\n\n\u001b[1m\u001b[31m  \u001b[1m● \u001b[22m\u001b[1mSourceBadge › sets accessibilityRole to \"text\" on the pill for grade=\"hasan\"\u001b[39m\u001b[22m\n\n    Trying to detect host component names triggered the following error:\n\n    /home/rendy/Projects/dhikr/node_modules/react-native/Libraries/NativeComponent/ViewConfigIgnore.js: 'identifier' expected in type parameter (38:2)\n      const T: {+[name: string]: true},\n      ^\n\n    \u001b[0m \u001b[90m 36 |\u001b[39m \u001b[90m */\u001b[39m\n     \u001b[90m 37 |\u001b[39m \u001b[36mexport\u001b[39m \u001b[36mfunction\u001b[39m \u001b[33mConditionallyIgnoredEventHandlers\u001b[39m\u001b[33m<\u001b[39m\n    \u001b[31m\u001b[1m>\u001b[22m\u001b[39m\u001b[90m 38 |\u001b[39m   \u001b[36mconst\u001b[39m \u001b[33mT\u001b[39m\u001b[33m:\u001b[39m {\u001b[33m+\u001b[39m[name\u001b[33m:\u001b[39m string]\u001b[33m:\u001b[39m \u001b[36mtrue\u001b[39m}\u001b[33m,\u001b[39m\n     \u001b[90m    |\u001b[39m   \u001b[31m\u001b[1m^\u001b[22m\u001b[39m\n     \u001b[90m 39 |\u001b[39m \u001b[33m>\u001b[39m(value\u001b[33m:\u001b[39m \u001b[33mT\u001b[39m)\u001b[33m:\u001b[39m \u001b[33mT\u001b[39m \u001b[33m|\u001b[39m \u001b[36mvoid\u001b[39m {\n     \u001b[90m 40 |\u001b[39m   \u001b[36mif\u001b[39m (\u001b[33mPlatform\u001b[39m\u001b[33m.\u001b[39m\u001b[33mOS\u001b[39m \u001b[33m===\u001b[39m \u001b[32m'ios'\u001b[39m) {\n     \u001b[90m 41 |\u001b[39m     \u001b[36mreturn\u001b[39m value\u001b[33m;\u001b[39m\u001b[0m\n\n    There seems to be an issue with your configuration that prevents React Native Testing Library from working correctly.\n    Please check if you are using compatible versions of React Native and React Native Testing Library.\n\u001b[2m\u001b[22m\n\u001b[2m    \u001b[0m \u001b[90m 69 |\u001b[39m \u001b[90m/** Renders SourceBadge wrapped in the test i18n provider. */\u001b[39m\u001b[22m\n\u001b[2m     \u001b[90m 70 |\u001b[39m \u001b[36mfunction\u001b[39m renderBadge(grade\u001b[33m:\u001b[39m \u001b[33mAuthenticityGrade\u001b[39m) {\u001b[22m\n\u001b[2m    \u001b[31m\u001b[1m>\u001b[22m\u001b[2m\u001b[39m\u001b[90m 71 |\u001b[39m   \u001b[36mreturn\u001b[39m render(\u001b[22m\n\u001b[2m     \u001b[90m    |\u001b[39m                \u001b[31m\u001b[1m^\u001b[22m\u001b[2m\u001b[39m\u001b[22m\n\u001b[2m     \u001b[90m 72 |\u001b[39m     \u001b[33m<\u001b[39m\u001b[33mI18nextProvider\u001b[39m i18n\u001b[33m=\u001b[39m{testI18n}\u001b[33m>\u001b[39m\u001b[22m\n\u001b[2m     \u001b[90m 73 |\u001b[39m       \u001b[33m<\u001b[39m\u001b[33mSourceBadge\u001b[39m grade\u001b[33m=\u001b[39m{grade} \u001b[33m/\u001b[39m\u001b[33m>\u001b[39m\u001b[22m\n\u001b[2m     \u001b[90m 74 |\u001b[39m     \u001b[33m<\u001b[39m\u001b[33m/\u001b[39m\u001b[33mI18nextProvider\u001b[39m\u001b[33m>\u001b[39m\u001b[33m,\u001b[39m\u001b[0m\u001b[22m\n\u001b[2m\u001b[22m\n\u001b[2m      \u001b[2mat detectHostComponentNames (\u001b[22m\u001b[2mnode_modules/@testing-library/react-native/src/helpers/host-component-names.tsx\u001b[2m:56:11)\u001b[22m\u001b[2m\u001b[22m\n\u001b[2m      \u001b[2mat detectHostComponentNames (\u001b[22m\u001b[2mnode_modules/@testing-library/react-native/src/helpers/host-component-names.tsx\u001b[2m:27:30)\u001b[22m\u001b[2m\u001b[22m\n\u001b[2m      \u001b[2mat renderInternal (\u001b[22m\u001b[2mnode_modules/@testing-library/react-native/src/render.tsx\u001b[2m:70:40)\u001b[22m\u001b[2m\u001b[22m\n\u001b[2m      \u001b[2mat renderInternal (\u001b[22m\u001b[2mnode_modules/@testing-library/react-native/src/render.tsx\u001b[2m:44:10)\u001b[22m\u001b[2m\u001b[22m\n\u001b[2m      \u001b[2mat renderBadge (\u001b[22m\u001b[2m\u001b[0m\u001b[36m__tests__/components/SourceBadge.test.tsx\u001b[39m\u001b[0m\u001b[2m:71:16)\u001b[22m\u001b[2m\u001b[22m\n\u001b[2m      \u001b[2mat Object.renderBadge (\u001b[22m\u001b[2m\u001b[0m\u001b[36m__tests__/components/SourceBadge.test.tsx\u001b[39m\u001b[0m\u001b[2m:133:32)\u001b[22m\u001b[2m\u001b[22m\n\n\u001b[1m\u001b[31m  \u001b[1m● \u001b[22m\u001b[1mSourceBadge › sets accessibilityLabel to the localized grade label for grade=\"sahih\"\u001b[39m\u001b[22m\n\n    Trying to detect host component names triggered the following error:\n\n    /home/rendy/Projects/dhikr/node_modules/react-native/Libraries/NativeComponent/ViewConfigIgnore.js: 'identifier' expected in type parameter (38:2)\n      const T: {+[name: string]: true},\n      ^\n\n    \u001b[0m \u001b[90m 36 |\u001b[39m \u001b[90m */\u001b[39m\n     \u001b[90m 37 |\u001b[39m \u001b[36mexport\u001b[39m \u001b[36mfunction\u001b[39m \u001b[33mConditionallyIgnoredEventHandlers\u001b[39m\u001b[33m<\u001b[39m\n    \u001b[31m\u001b[1m>\u001b[22m\u001b[39m\u001b[90m 38 |\u001b[39m   \u001b[36mconst\u001b[39m \u001b[33mT\u001b[39m\u001b[33m:\u001b[39m {\u001b[33m+\u001b[39m[name\u001b[33m:\u001b[39m string]\u001b[33m:\u001b[39m \u001b[36mtrue\u001b[39m}\u001b[33m,\u001b[39m\n     \u001b[90m    |\u001b[39m   \u001b[31m\u001b[1m^\u001b[22m\u001b[39m\n     \u001b[90m 39 |\u001b[39m \u001b[33m>\u001b[39m(value\u001b[33m:\u001b[39m \u001b[33mT\u001b[39m)\u001b[33m:\u001b[39m \u001b[33mT\u001b[39m \u001b[33m|\u001b[39m \u001b[36mvoid\u001b[39m {\n     \u001b[90m 40 |\u001b[39m   \u001b[36mif\u001b[39m (\u001b[33mPlatform\u001b[39m\u001b[33m.\u001b[39m\u001b[33mOS\u001b[39m \u001b[33m===\u001b[39m \u001b[32m'ios'\u001b[39m) {\n     \u001b[90m 41 |\u001b[39m     \u001b[36mreturn\u001b[39m value\u001b[33m;\u001b[39m\u001b[0m\n\n    There seems to be an issue with your configuration that prevents React Native Testing Library from working correctly.\n    Please check if you are using compatible versions of React Native and React Native Testing Library.\n\u001b[2m\u001b[22m\n\u001b[2m    \u001b[0m \u001b[90m 69 |\u001b[39m \u001b[90m/** Renders SourceBadge wrapped in the test i18n provider. */\u001b[39m\u001b[22m\n\u001b[2m     \u001b[90m 70 |\u001b[39m \u001b[36mfunction\u001b[39m renderBadge(grade\u001b[33m:\u001b[39m \u001b[33mAuthenticityGrade\u001b[39m) {\u001b[22m\n\u001b[2m    \u001b[31m\u001b[1m>\u001b[22m\u001b[2m\u001b[39m\u001b[90m 71 |\u001b[39m   \u001b[36mreturn\u001b[39m render(\u001b[22m\n\u001b[2m     \u001b[90m    |\u001b[39m                \u001b[31m\u001b[1m^\u001b[22m\u001b[2m\u001b[39m\u001b[22m\n\u001b[2m     \u001b[90m 72 |\u001b[39m     \u001b[33m<\u001b[39m\u001b[33mI18nextProvider\u001b[39m i18n\u001b[33m=\u001b[39m{testI18n}\u001b[33m>\u001b[39m\u001b[22m\n\u001b[2m     \u001b[90m 73 |\u001b[39m       \u001b[33m<\u001b[39m\u001b[33mSourceBadge\u001b[39m grade\u001b[33m=\u001b[39m{grade} \u001b[33m/\u001b[39m\u001b[33m>\u001b[39m\u001b[22m\n\u001b[2m     \u001b[90m 74 |\u001b[39m     \u001b[33m<\u001b[39m\u001b[33m/\u001b[39m\u001b[33mI18nextProvider\u001b[39m\u001b[33m>\u001b[39m\u001b[33m,\u001b[39m\u001b[0m\u001b[22m\n\u001b[2m\u001b[22m\n\u001b[2m      \u001b[2mat detectHostComponentNames (\u001b[22m\u001b[2mnode_modules/@testing-library/react-native/src/helpers/host-component-names.tsx\u001b[2m:56:11)\u001b[22m\u001b[2m\u001b[22m\n\u001b[2m      \u001b[2mat detectHostComponentNames (\u001b[22m\u001b[2mnode_modules/@testing-library/react-native/src/helpers/host-component-names.tsx\u001b[2m:27:30)\u001b[22m\u001b[2m\u001b[22m\n\u001b[2m      \u001b[2mat renderInternal (\u001b[22m\u001b[2mnode_modules/@testing-library/react-native/src/render.tsx\u001b[2m:70:40)\u001b[22m\u001b[2m\u001b[22m\n\u001b[2m      \u001b[2mat renderInternal (\u001b[22m\u001b[2mnode_modules/@testing-library/react-native/src/render.tsx\u001b[2m:44:10)\u001b[22m\u001b[2m\u001b[22m\n\u001b[2m      \u001b[2mat renderBadge (\u001b[22m\u001b[2m\u001b[0m\u001b[36m__tests__/components/SourceBadge.test.tsx\u001b[39m\u001b[0m\u001b[2m:71:16)\u001b[22m\u001b[2m\u001b[22m\n\u001b[2m      \u001b[2mat Object.renderBadge (\u001b[22m\u001b[2m\u001b[0m\u001b[36m__tests__/components/SourceBadge.test.tsx\u001b[39m\u001b[0m\u001b[2m:138:32)\u001b[22m\u001b[2m\u001b[22m\n\n\u001b[1m\u001b[31m  \u001b[1m● \u001b[22m\u001b[1mSourceBadge › sets accessibilityLabel to the localized grade label for grade=\"hasan\"\u001b[39m\u001b[22m\n\n    Trying to detect host component names triggered the following error:\n\n    /home/rendy/Projects/dhikr/node_modules/react-native/Libraries/NativeComponent/ViewConfigIgnore.js: 'identifier' expected in type parameter (38:2)\n      const T: {+[name: string]: true},\n      ^\n\n    \u001b[0m \u001b[90m 36 |\u001b[39m \u001b[90m */\u001b[39m\n     \u001b[90m 37 |\u001b[39m \u001b[36mexport\u001b[39m \u001b[36mfunction\u001b[39m \u001b[33mConditionallyIgnoredEventHandlers\u001b[39m\u001b[33m<\u001b[39m\n    \u001b[31m\u001b[1m>\u001b[22m\u001b[39m\u001b[90m 38 |\u001b[39m   \u001b[36mconst\u001b[39m \u001b[33mT\u001b[39m\u001b[33m:\u001b[39m {\u001b[33m+\u001b[39m[name\u001b[33m:\u001b[39m string]\u001b[33m:\u001b[39m \u001b[36mtrue\u001b[39m}\u001b[33m,\u001b[39m\n     \u001b[90m    |\u001b[39m   \u001b[31m\u001b[1m^\u001b[22m\u001b[39m\n     \u001b[90m 39 |\u001b[39m \u001b[33m>\u001b[39m(value\u001b[33m:\u001b[39m \u001b[33mT\u001b[39m)\u001b[33m:\u001b[39m \u001b[33mT\u001b[39m \u001b[33m|\u001b[39m \u001b[36mvoid\u001b[39m {\n     \u001b[90m 40 |\u001b[39m   \u001b[36mif\u001b[39m (\u001b[33mPlatform\u001b[39m\u001b[33m.\u001b[39m\u001b[33mOS\u001b[39m \u001b[33m===\u001b[39m \u001b[32m'ios'\u001b[39m) {\n     \u001b[90m 41 |\u001b[39m     \u001b[36mreturn\u001b[39m value\u001b[33m;\u001b[39m\u001b[0m\n\n    There seems to be an issue with your configuration that prevents React Native Testing Library from working correctly.\n    Please check if you are using compatible versions of React Native and React Native Testing Library.\n\u001b[2m\u001b[22m\n\u001b[2m    \u001b[0m \u001b[90m 69 |\u001b[39m \u001b[90m/** Renders SourceBadge wrapped in the test i18n provider. */\u001b[39m\u001b[22m\n\u001b[2m     \u001b[90m 70 |\u001b[39m \u001b[36mfunction\u001b[39m renderBadge(grade\u001b[33m:\u001b[39m \u001b[33mAuthenticityGrade\u001b[39m) {\u001b[22m\n\u001b[2m    \u001b[31m\u001b[1m>\u001b[22m\u001b[2m\u001b[39m\u001b[90m 71 |\u001b[39m   \u001b[36mreturn\u001b[39m render(\u001b[22m\n\u001b[2m     \u001b[90m    |\u001b[39m                \u001b[31m\u001b[1m^\u001b[22m\u001b[2m\u001b[39m\u001b[22m\n\u001b[2m     \u001b[90m 72 |\u001b[39m     \u001b[33m<\u001b[39m\u001b[33mI18nextProvider\u001b[39m i18n\u001b[33m=\u001b[39m{testI18n}\u001b[33m>\u001b[39m\u001b[22m\n\u001b[2m     \u001b[90m 73 |\u001b[39m       \u001b[33m<\u001b[39m\u001b[33mSourceBadge\u001b[39m grade\u001b[33m=\u001b[39m{grade} \u001b[33m/\u001b[39m\u001b[33m>\u001b[39m\u001b[22m\n\u001b[2m     \u001b[90m 74 |\u001b[39m     \u001b[33m<\u001b[39m\u001b[33m/\u001b[39m\u001b[33mI18nextProvider\u001b[39m\u001b[33m>\u001b[39m\u001b[33m,\u001b[39m\u001b[0m\u001b[22m\n\u001b[2m\u001b[22m\n\u001b[2m      \u001b[2mat detectHostComponentNames (\u001b[22m\u001b[2mnode_modules/@testing-library/react-native/src/helpers/host-component-names.tsx\u001b[2m:56:11)\u001b[22m\u001b[2m\u001b[22m\n\u001b[2m      \u001b[2mat detectHostComponentNames (\u001b[22m\u001b[2mnode_modules/@testing-library/react-native/src/helpers/host-component-names.tsx\u001b[2m:27:30)\u001b[22m\u001b[2m\u001b[22m\n\u001b[2m      \u001b[2mat renderInternal (\u001b[22m\u001b[2mnode_modules/@testing-library/react-native/src/render.tsx\u001b[2m:70:40)\u001b[22m\u001b[2m\u001b[22m\n\u001b[2m      \u001b[2mat renderInternal (\u001b[22m\u001b[2mnode_modules/@testing-library/react-native/src/render.tsx\u001b[2m:44:10)\u001b[22m\u001b[2m\u001b[22m\n\u001b[2m      \u001b[2mat renderBadge (\u001b[22m\u001b[2m\u001b[0m\u001b[36m__tests__/components/SourceBadge.test.tsx\u001b[39m\u001b[0m\u001b[2m:71:16)\u001b[22m\u001b[2m\u001b[22m\n\u001b[2m      \u001b[2mat Object.renderBadge (\u001b[22m\u001b[2m\u001b[0m\u001b[36m__tests__/components/SourceBadge.test.tsx\u001b[39m\u001b[0m\u001b[2m:143:32)\u001b[22m\u001b[2m\u001b[22m\n","name":"/home/rendy/Projects/dhikr/__tests__/components/SourceBadge.test.tsx","startTime":1778293228528,"status":"failed","summary":""}],"wasInterrupted":false}
