{"numFailedTestSuites":0,"numFailedTests":0,"numPassedTestSuites":1,"numPassedTests":27,"numPendingTestSuites":0,"numPendingTests":0,"numRuntimeErrorTestSuites":0,"numTodoTests":0,"numTotalTestSuites":1,"numTotalTests":27,"openHandles":[],"snapshot":{"added":0,"didUpdate":false,"failure":false,"filesAdded":0,"filesRemoved":0,"filesRemovedList":[],"filesUnmatched":0,"filesUpdated":0,"matched":0,"total":0,"unchecked":0,"uncheckedKeysByFile":[],"unmatched":0,"updated":0},"startTime":1778638076739,"success":true,"testResults":[{"assertionResults":[{"ancestorTitles":["StreakNudgeModal"],"duration":674,"failureDetails":[],"failureMessages":[],"fullName":"StreakNudgeModal renders the sheet when visible is true","invocations":1,"location":null,"numPassingAsserts":1,"retryReasons":[],"status":"passed","title":"renders the sheet when visible is true"},{"ancestorTitles":["StreakNudgeModal"],"duration":7,"failureDetails":[],"failureMessages":[],"fullName":"StreakNudgeModal does not render the sheet content when visible is false","invocations":1,"location":null,"numPassingAsserts":1,"retryReasons":[],"status":"passed","title":"does not render the sheet content when visible is false"},{"ancestorTitles":["StreakNudgeModal"],"duration":14,"failureDetails":[],"failureMessages":[],"fullName":"StreakNudgeModal displays the streak count","invocations":1,"location":null,"numPassingAsserts":1,"retryReasons":[],"status":"passed","title":"displays the streak count"},{"ancestorTitles":["StreakNudgeModal"],"duration":13,"failureDetails":[],"failureMessages":[],"fullName":"StreakNudgeModal displays a different streak count","invocations":1,"location":null,"numPassingAsserts":1,"retryReasons":[],"status":"passed","title":"displays a different streak count"},{"ancestorTitles":["StreakNudgeModal"],"duration":11,"failureDetails":[],"failureMessages":[],"fullName":"StreakNudgeModal displays streak count of 3 (minimum nudge threshold)","invocations":1,"location":null,"numPassingAsserts":1,"retryReasons":[],"status":"passed","title":"displays streak count of 3 (minimum nudge threshold)"},{"ancestorTitles":["StreakNudgeModal"],"duration":11,"failureDetails":[],"failureMessages":[],"fullName":"StreakNudgeModal renders the flame icon","invocations":1,"location":null,"numPassingAsserts":2,"retryReasons":[],"status":"passed","title":"renders the flame icon"},{"ancestorTitles":["StreakNudgeModal"],"duration":10,"failureDetails":[],"failureMessages":[],"fullName":"StreakNudgeModal renders the title","invocations":1,"location":null,"numPassingAsserts":1,"retryReasons":[],"status":"passed","title":"renders the title"},{"ancestorTitles":["StreakNudgeModal"],"duration":11,"failureDetails":[],"failureMessages":[],"fullName":"StreakNudgeModal renders the body copy explaining device-only storage","invocations":1,"location":null,"numPassingAsserts":1,"retryReasons":[],"status":"passed","title":"renders the body copy explaining device-only storage"},{"ancestorTitles":["StreakNudgeModal"],"duration":16,"failureDetails":[],"failureMessages":[],"fullName":"StreakNudgeModal renders the body copy encouraging sign-in","invocations":1,"location":null,"numPassingAsserts":1,"retryReasons":[],"status":"passed","title":"renders the body copy encouraging sign-in"},{"ancestorTitles":["StreakNudgeModal"],"duration":13,"failureDetails":[],"failureMessages":[],"fullName":"StreakNudgeModal renders the Sign In button","invocations":1,"location":null,"numPassingAsserts":1,"retryReasons":[],"status":"passed","title":"renders the Sign In button"},{"ancestorTitles":["StreakNudgeModal"],"duration":12,"failureDetails":[],"failureMessages":[],"fullName":"StreakNudgeModal calls onSignIn when Sign In button is pressed","invocations":1,"location":null,"numPassingAsserts":1,"retryReasons":[],"status":"passed","title":"calls onSignIn when Sign In button is pressed"},{"ancestorTitles":["StreakNudgeModal"],"duration":16,"failureDetails":[],"failureMessages":[],"fullName":"StreakNudgeModal does not call onLater or onDismissPermanently when Sign In is pressed","invocations":1,"location":null,"numPassingAsserts":2,"retryReasons":[],"status":"passed","title":"does not call onLater or onDismissPermanently when Sign In is pressed"},{"ancestorTitles":["StreakNudgeModal"],"duration":9,"failureDetails":[],"failureMessages":[],"fullName":"StreakNudgeModal sets correct accessibilityLabel on Sign In button","invocations":1,"location":null,"numPassingAsserts":1,"retryReasons":[],"status":"passed","title":"sets correct accessibilityLabel on Sign In button"},{"ancestorTitles":["StreakNudgeModal"],"duration":11,"failureDetails":[],"failureMessages":[],"fullName":"StreakNudgeModal sets accessibilityRole=\"button\" on Sign In button","invocations":1,"location":null,"numPassingAsserts":1,"retryReasons":[],"status":"passed","title":"sets accessibilityRole=\"button\" on Sign In button"},{"ancestorTitles":["StreakNudgeModal"],"duration":10,"failureDetails":[],"failureMessages":[],"fullName":"StreakNudgeModal renders the Maybe Later button","invocations":1,"location":null,"numPassingAsserts":1,"retryReasons":[],"status":"passed","title":"renders the Maybe Later button"},{"ancestorTitles":["StreakNudgeModal"],"duration":11,"failureDetails":[],"failureMessages":[],"fullName":"StreakNudgeModal calls onLater when Maybe Later button is pressed","invocations":1,"location":null,"numPassingAsserts":1,"retryReasons":[],"status":"passed","title":"calls onLater when Maybe Later button is pressed"},{"ancestorTitles":["StreakNudgeModal"],"duration":15,"failureDetails":[],"failureMessages":[],"fullName":"StreakNudgeModal does not call onSignIn or onDismissPermanently when Maybe Later is pressed","invocations":1,"location":null,"numPassingAsserts":2,"retryReasons":[],"status":"passed","title":"does not call onSignIn or onDismissPermanently when Maybe Later is pressed"},{"ancestorTitles":["StreakNudgeModal"],"duration":9,"failureDetails":[],"failureMessages":[],"fullName":"StreakNudgeModal sets correct accessibilityLabel on Maybe Later button","invocations":1,"location":null,"numPassingAsserts":1,"retryReasons":[],"status":"passed","title":"sets correct accessibilityLabel on Maybe Later button"},{"ancestorTitles":["StreakNudgeModal"],"duration":8,"failureDetails":[],"failureMessages":[],"fullName":"StreakNudgeModal sets accessibilityRole=\"button\" on Maybe Later button","invocations":1,"location":null,"numPassingAsserts":1,"retryReasons":[],"status":"passed","title":"sets accessibilityRole=\"button\" on Maybe Later button"},{"ancestorTitles":["StreakNudgeModal"],"duration":9,"failureDetails":[],"failureMessages":[],"fullName":"StreakNudgeModal renders the Don't show again button","invocations":1,"location":null,"numPassingAsserts":1,"retryReasons":[],"status":"passed","title":"renders the Don't show again button"},{"ancestorTitles":["StreakNudgeModal"],"duration":10,"failureDetails":[],"failureMessages":[],"fullName":"StreakNudgeModal calls onDismissPermanently when Don't show again is pressed","invocations":1,"location":null,"numPassingAsserts":1,"retryReasons":[],"status":"passed","title":"calls onDismissPermanently when Don't show again is pressed"},{"ancestorTitles":["StreakNudgeModal"],"duration":10,"failureDetails":[],"failureMessages":[],"fullName":"StreakNudgeModal does not call onSignIn or onLater when Don't show again is pressed","invocations":1,"location":null,"numPassingAsserts":2,"retryReasons":[],"status":"passed","title":"does not call onSignIn or onLater when Don't show again is pressed"},{"ancestorTitles":["StreakNudgeModal"],"duration":15,"failureDetails":[],"failureMessages":[],"fullName":"StreakNudgeModal sets correct accessibilityLabel on Don't show again button","invocations":1,"location":null,"numPassingAsserts":1,"retryReasons":[],"status":"passed","title":"sets correct accessibilityLabel on Don't show again button"},{"ancestorTitles":["StreakNudgeModal"],"duration":12,"failureDetails":[],"failureMessages":[],"fullName":"StreakNudgeModal sets accessibilityRole=\"button\" on Don't show again button","invocations":1,"location":null,"numPassingAsserts":1,"retryReasons":[],"status":"passed","title":"sets accessibilityRole=\"button\" on Don't show again button"},{"ancestorTitles":["StreakNudgeModal"],"duration":11,"failureDetails":[],"failureMessages":[],"fullName":"StreakNudgeModal calls onLater when the modal is dismissed via hardware back / swipe","invocations":1,"location":null,"numPassingAsserts":1,"retryReasons":[],"status":"passed","title":"calls onLater when the modal is dismissed via hardware back / swipe"},{"ancestorTitles":["StreakNudgeModal"],"duration":10,"failureDetails":[],"failureMessages":[],"fullName":"StreakNudgeModal renders the drag handle","invocations":1,"location":null,"numPassingAsserts":1,"retryReasons":[],"status":"passed","title":"renders the drag handle"},{"ancestorTitles":["StreakNudgeModal"],"duration":10,"failureDetails":[],"failureMessages":[],"fullName":"StreakNudgeModal each callback is called exactly once per press","invocations":1,"location":null,"numPassingAsserts":3,"retryReasons":[],"status":"passed","title":"each callback is called exactly once per press"}],"endTime":1778638079901,"message":"","name":"/home/rendy/Projects/dhikr/__tests__/components/StreakNudgeModal.test.tsx","startTime":1778638077029,"status":"passed","summary":""}],"wasInterrupted":false}
